epoch,acc,loss
0,0.60489874400225796,0.33474770214144722
1,0.6372424499012137,0.27834829374927145
2,0.61070244143381314,0.32652013560387816
3,0.5222798475867908,0.28720918735001966
4,0.52698983911939035,0.2588884929907766
5,0.72557684165961045,0.19931104381911699
6,0.6048370025402201,0.14955010870529098
7,0.59252399096810615,0.16004820862628941
8,0.57674463731301162,0.1408638963277937
9,0.6949707169065763,0.19380337228446562
10,0.81461685012701102,0.14933002407984841
11,0.84120977984758682,0.14608656925961605
12,0.82402801298334749,0.10740132446035869
13,0.66526425345752183,0.11842108037601771
14,0.6746754163138583,0.14710169199290557
15,0.66013089189952023,0.15433115704739545
16,0.66857183178097657,0.14157246626354011
17,0.63415537679932266,0.19994224261191201
18,0.66017499294383286,0.18964985162428316
19,0.88045970928591588,0.27107390303326478
20,0.83428591589048828,0.26748679584643797
21,0.91409116567880322,0.25571153507393107
22,0.87011360429014961,0.26732496335174655
23,0.8438558425063506,0.26977734082613991
24,0.87672876093705898,0.27116278781090952
25,0.6675575077617838,0.3396081773347025
26,0.59995942703923233,0.28205159520800571
27,0.74735393734123623,0.30243478444938354
28,0.80083086367485179,0.30333279250665773
29,0.61332204346598929,0.27700135031086104
30,0.75402201524132095,0.25152146959947974
31,0.73287997459779852,0.24498062476557864
32,0.74969129268981094,0.26844044483369145
33,0.96581287044877218,0.22760437755623072
34,0.92943832909963309,0.14456561569458887
35,0.79705581428168215,0.15062052138741705
36,0.82787362404741749,0.23712277372493099
37,0.90134596387242449,0.17922032309567834
38,0.93410421958791989,0.10108311647965448
39,0.88774520180637873,0.097778949756870556
40,0.81629268981089476,0.087997417021538182
41,0.76902519051651141,0.094856809237535547
42,0.93452758961332205,0.093540156103975911
43,0.87700218741179792,0.14673404483465152
44,0.87108382726502964,0.097595479081932349
45,0.68482747671464861,0.094498010587762471
46,0.78395780412080163,0.11220889642161801
47,0.95962108382726508,0.12099304690649536
48,0.79513300874964721,0.1574436738427229
49,0.96434871577758963,0.11442410870019067
50,0.97037291843070839,0.10367527906195591
51,0.94874576629974594,0.10519591392466829
52,0.86706181202370869,0.11527591258620822
53,0.7999047417442845,0.11940183522119067
54,0.915572960767711,0.11925921495314262
55,0.83821972904318376,0.095748706008417631
56,0.81353196443691789,0.11080742027747262
57,0.88680143945808632,0.087763435729424549
58,0.91689599209709283,0.095415552033512915
59,0.93151107818233136,0.10802843210853795
60,0.82065869319785489,0.12868337632664389
61,0.72734970364098217,0.12579259777535673
62,0.57273144228055317,0.1075975732638165
63,0.59283269827829521,0.09153213643252564
64,0.59155376799322612,0.099273124867533369
65,0.58701136042901492,0.12064451528112097
66,0.63095364098221851,0.10925824916320258
67,0.70200042337002544,0.14386794427444763
68,0.57625070561670899,0.13855664659895728
69,0.79329840530623763,0.12445718451532821
70,0.58120766299745974,0.12052838409183177
71,0.58660563082133788,0.12042834295856618
72,0.57889676827547276,0.11768885640829289
73,0.57522756138865372,0.13210898907865504
74,0.58857253739768556,0.14244546705348962
75,0.57427497883149869,0.12158461780799464
76,0.57675345752187412,0.13127112547062428
77,0.58182507761783797,0.11309057970893066
78,0.62726679367767424,0.1234926357166283
79,0.68034681061247526,0.1175617877531356
80,0.59569926615862268,0.14472163065035651
81,0.73031329381879762,0.15403093067355814
82,0.84180073384137732,0.16357812850181752
83,0.60200571549534287,0.14757593424597037
84,0.61328676263053905,0.15118753201472473
85,0.6317651001975727,0.16124165348868713
86,0.97317774484899799,0.20631302286003544
87,0.97245448772226928,0.14313540110900214
88,0.97603549252046284,0.11898167304534356
89,0.96609511713237373,0.14955497510680693
90,0.97017005362686992,0.13189917606202506
91,0.969799604854643,0.14081417901854709
92,0.97117555743720008,0.11089301011154458
93,0.85923828676263059,0.12092026287171785
94,0.81727173299463729,0.11878074296576097
95,0.96366073948631104,0.13364806935564288
96,0.91528189387524694,0.14494859081224737
97,0.89391934801016093,0.12161980498544141
98,0.81469623200677388,0.11637708630289358
99,0.87963942986169907,0.13288213172801203
100,0.86221069714930854,0.18892588414410702
101,0.97390982218458932,0.14536965644781349
102,0.97654706463449059,0.10176622392740818
103,0.96363427885972341,0.098612111950484541
104,0.96563646627152133,0.10281047756180756
105,0.97535633643804687,0.098465273009559012
106,0.96981724527236801,0.13362446887985474
107,0.97420088907705338,0.11668250735357687
108,0.94000493931696305,0.11303965122772236
109,0.97522403330510865,0.14167231657730925
110,0.85772121083827269,0.23486451097222302
111,0.92404036127575506,0.23796924067183256
112,0.96663314987298898,0.12693160071550522
113,0.97039937905729612,0.12591858778120041
114,0.97258679085520749,0.10681079217565811
115,0.983567950889077,0.11282570234745747
116,0.98278295230031043,0.10779514564615408
117,0.9815745836861417,0.10777998936357948
118,0.94192774484899799,0.21854986281055264
119,0.72736734405870729,0.2478799653434654
120,0.97854043183742589,0.21164951672086171
121,0.97018769404459493,0.23441156078634917
122,0.97979290149590748,0.23731396203596167
123,0.97943127293254306,0.2033946504672742
124,0.97360993508326277,0.18579814469796407
125,0.97910492520462888,0.20633503132183795
126,0.88648391193903475,0.22481504986520437
127,0.93644157493649449,0.23317528571099658
128,0.94317139429861696,0.22656957162063915
129,0.80246260231442279,0.20553933942530334
130,0.97386572114027659,0.091424724423053536
131,0.96761219305673163,0.12207387554259835
132,0.96892640417725096,0.12913818747551098
133,0.98086896697713799,0.1026442907925328
134,0.98095716906576347,0.098684776893188747
135,0.96628034151848718,0.1136940795490253
136,0.98280059271803555,0.17684495135134468
137,0.97962531752751902,0.1714621718818011
138,0.89369002257973473,0.2342495818683609
139,0.78724774202653114,0.2402282845795275
140,0.94677003951453576,0.21252650959793806
141,0.97638830087496475,0.13086710889632372
142,0.9814511007620661,0.18958476586482942
143,0.97925486875529211,0.2239529025215804
144,0.9699142675698561,0.21578369192434296
145,0.78889712108382726,0.2203492060620261
146,0.8510972339825007,0.22082939467156054
147,0.97824054473609934,0.20185308807994576
148,0.76797558566186852,0.11276958282424818
149,0.97209285915890487,0.11039285711061862
150,0.98638159751622922,0.10062111849680726
151,0.97730560259666954,0.11089989544839049
152,0.98635513688964149,0.098472402205698889
153,0.97624717753316403,0.10248597519201624
154,0.84476432401919277,0.18570847817783528
155,0.78392252328535139,0.18062027493527433
156,0.55734899802427318,0.17280894621828827
157,0.88272650296359023,0.13938525615541819
158,0.91481442280553205,0.14287469771954531
159,0.96461332204346595,0.15452475961220954
160,0.97520639288738353,0.20711534749497706
161,0.94917795653401071,0.11970277038545266
162,0.97211049957662998,0.14076262861363253
163,0.96197607959356479,0.13156389467163143
164,0.94303909116567886,0.15602359350289341
165,0.93972269263336161,0.15311240499690898
166,0.95194750211685009,0.11816224172306226
167,0.96659786903753886,0.084757076190554892
168,0.98042795653401071,0.091402939838246655
169,0.97106971493084959,0.085865999868962567
170,0.89742097092859163,0.092726017745118891
171,0.84976538244425626,0.1241412182510641
172,0.91669312729325425,0.10537564460350825
173,0.81532246683601473,0.10197662937967027
174,0.70408199266158622,0.091141720899884773
175,0.57759137736381594,0.091660718448776227
176,0.63845081851538243,0.11316090435206005
177,0.79541525543324865,0.11974349797992635
178,0.68372495060683036,0.1566967759527112
179,0.70437305955405027,0.22978394265572111
180,0.94923969799604857,0.18479232597493572
181,0.64828535139712107,0.16919378030374618
182,0.74031541066892459,0.12583107924661044
183,0.97142252328535139,0.11865249946800767
184,0.9587214225232854,0.12826573240248537
185,0.93787926898108942,0.11284963324549345
186,0.97365403612757551,0.10140412872004323
187,0.94417689810894723,0.14003793393725861
188,0.88458756703358732,0.16197186722950585
189,0.8894563223257127,0.14441484491710371
190,0.92718035563082135,0.16551403788348576
191,0.74574865932825285,0.18457232076240937
192,0.94514712108382726,0.2211736533563009
193,0.91319150437482355,0.26619302015977059
194,0.83752293254304266,0.23897932633133182
195,0.76540890488286761,0.24356834317261608
196,0.89065587073101893,0.19416013216802289
197,0.86946972904318376,0.17898155580602979
198,0.85475762066045724,0.15627499822573263
199,0.7665555320349986,0.14731673145956994
200,0.75914655659046004,0.23560270559645355
201,0.86452159187129551,0.1964968761029012
202,0.90404494778436351,0.20440606225981214
203,0.87812235393734128,0.23023023275780014
204,0.88315869319785489,0.19605635632095123
205,0.93485393734123623,0.10933728532011602
206,0.84702229748800451,0.15086406341169437
207,0.7065075500987863,0.15590118172132691
208,0.82985817104149029,0.15932170206241436
209,0.78561600338696025,0.16414410790444173
210,0.64787962178944403,0.26117359313350191
211,0.60211155800169347,0.24049205448746466
212,0.63738357324301442,0.17392913306506266
213,0.50448066610217335,0.15140683537742614
214,0.65559730454417164,0.18545961404371125
215,0.57274026248941579,0.19199247643302503
216,0.5398761642675699,0.1975964053611253
217,0.50224915325994923,0.19592393862179894
218,0.51767569856054196,0.16494864413375482
219,0.52981230595540507,0.19160635102350632
220,0.84255045159469377,0.27076312095821092
221,0.89799428450465713,0.16103695190357442
222,0.90920476996895283,0.16971289669829615
223,0.8972710273779283,0.18875232444727083
224,0.68465989274626027,0.25201679597908522
225,0.65190163703076487,0.25240780555987918
226,0.5073472339825007,0.25099251915071746
227,0.52449372001128991,0.19084066171126118
228,0.50307825289302854,0.18588070324025335
229,0.66211543889359303,0.14878258996456326
230,0.56981195314705058,0.13884064471060403
231,0.57944362122495063,0.1417760317539514
232,0.74904741744284509,0.13386626320313499
233,0.81001270110076207,0.17716778468249225
234,0.71927039232289025,0.14963520291402696
235,0.54821126164267575,0.14430540631095445
236,0.51936035845328821,0.13755674398364909
237,0.49496366073948633,0.14115261457412401
238,0.47613251481795088,0.17444542252848833
239,0.47009949195596951,0.25879419246328272
240,0.48799569573807505,0.25581885913435265
241,0.48485570138300876,0.21362788278151748
242,0.54366003386960204,0.14830204434224142
243,0.5206392887383573,0.24051929158236351
244,0.66326206604572391,0.16656959806596602
245,0.85049745977984759,0.20132494462980716
246,0.94334779847586792,0.13354942846570395
247,0.74355242732147897,0.12766340666399625
248,0.89110570138300871,0.12027308572512761
249,0.69666419700818516,0.13229581069131857
250,0.55388265594129271,0.18900280534403177
251,0.49054473609935084,0.25098567812240086
252,0.46511607394863108,0.23917221962054036
253,0.52220046570702794,0.2323046285445203
254,0.51846069714930854,0.1492840726422468
255,0.59763971210838274,0.14072651125420427
256,0.59949195596951732,0.14449493760532939
257,0.5349721281399944,0.20426788506884636
258,0.6898285351397121,0.21741689778137641
259,0.55901601749929442,0.25964996838367127
260,0.70014817950889074,0.26161264305925447
261,0.61545653401072542,0.24372288603517817
262,0.55235675980807231,0.27269230249537563
263,0.5003439881456393,0.26376971755552481
264,0.87027236804967545,0.26337645172357599
265,0.92252328535139716,0.16394542702901438
266,0.5661074654247813,0.24707517847129337
267,0.86253704487722271,0.14957996281167735
268,0.90704381879762908,0.21123987864080304
269,0.73723715777589616,0.24420392469695951
270,0.49499012136607395,0.25265946181122773
271,0.55494108100479822,0.26404034351371003
272,0.94871048546429582,0.25658053560249899
273,0.70005115721140276,0.25707243435727939
274,0.89104395992097096,0.17137086272290536
275,0.95100373976855768,0.14225798672537354
276,0.8747706745695738,0.11689941318883458
277,0.76136042901495904,0.1207733162498212
278,0.5424428450465707,0.11948628765572716
279,0.70932119672593852,0.14535859436662268
280,0.87229219587919837,0.12621894480646781
281,0.80870731018910524,0.13083994745561511
282,0.58843141405588484,0.20848954256890362
283,0.7320420547558566,0.1582518217350965
284,0.9117361699125035,0.14139336575626318
285,0.88975620942703926,0.13020321615702063
286,0.77694573807507761,0.12288542473222508
287,0.85047099915325997,0.10822624576933418
288,0.55404141970081855,0.13191973181652031
289,0.8825765594129269,0.1564093698625553
290,0.8972622071690658,0.23126489677799347
291,0.89007373694609093,0.14582546415925055
292,0.78947043465989275,0.13944003415534509
293,0.85864733276883998,0.18027469644662089
294,0.7172329240756421,0.2876504527484669
295,0.65182225515100201,0.20990134578834374
296,0.94906329381879762,0.13306365348711555
297,0.84352949477843631,0.12565514724645169
298,0.86474209709285921,0.15562541259242432
299,0.90930179226644092,0.17098905013170307
300,0.92555743720011285,0.15144894891979288
301,0.93356618684730452,0.15125869734337782
302,0.73942456957380753,0.25727761315457115
303,0.85215565904600621,0.19721537646393911
304,0.9327194467965001,0.11971269429895694
305,0.88749823595822752,0.11937516310643005
306,0.92425204628845614,0.12037399498284697
307,0.89578041208015802,0.12785320300255476
308,0.87888089189952023,0.18506021743695805
309,0.90233382726502964,0.14396607924416688
310,0.88430532034998588,0.17727277794081975
311,0.85533975444538524,0.22661418714528589
312,0.57880856618684728,0.18829796505940968
313,0.57152307366638444,0.13974355158611898
314,0.69851644086931974,0.12396603528336346
315,0.9467082980524979,0.17946766080387849
316,0.70014817950889074,0.22179865171548788
317,0.82009419983065202,0.14335970287995331
318,0.89105278012983347,0.14377682285907256
319,0.9504392464013548,0.14468347440197096
320,0.94564105278012989,0.14758001649184788
321,0.93322219870166523,0.16068520179727949
322,0.80074266158622631,0.14305512879617688
323,0.86155800169348007,0.16443842010322385
324,0.93676792266440867,0.14905625554106966
325,0.88249717753316403,0.13657909486712416
326,0.89720928591589044,0.13658081498555788
327,0.88121824724809483,0.13050615290878151
328,0.92987051933389786,0.14035992587384705
329,0.801527660174993,0.2469497839514562
330,0.82371930567315832,0.25789616183453767
331,0.76501199548405308,0.19282643269436786
332,0.8584532881738639,0.17408590999503171
333,0.84674887101326557,0.18617950286172991
334,0.80284187129551232,0.21034866023630969
335,0.57319891335026818,0.24486405314455101
336,0.74674534292972061,0.22426825215209212
337,0.49961191081004797,0.26803046999066255
338,0.62559095399379061,0.25701572202445816
339,0.62299781258820208,0.27821803994338928
340,0.62599668360146765,0.27251024286306602
341,0.56476679367767424,0.26492426434954602
342,0.50991391476150161,0.26838998638229611
343,0.47643240191927744,0.2656186518976717
344,0.48971563646627153,0.26595442230276922
345,0.50625352808354507,0.26598848369025996
346,0.48102773073666383,0.26076749535751509
347,0.52230630821337853,0.26190844858978218
348,0.52704276037256559,0.27155603347100898
349,0.69968070843917585,0.27250731556797025
350,0.68371613039796786,0.26812052651265478
351,0.55642287609370589,0.27769639581261973
352,0.58466518487157781,0.25517902945394216
353,0.70949760090318936,0.26019452765637541
354,0.73302109793959924,0.26075752090963139
355,0.54694997177533167,0.22777926722557046
356,0.93164338131526958,0.10999393490431313
357,0.94662891617273492,0.092439619702304646
358,0.94436212249506069,0.094357498050737912
359,0.90872847869037543,0.17256394875026698
360,0.88061847304544172,0.1108082600010587
361,0.8982059695173582,0.14082790524577934
362,0.79004374823595824,0.10749210829836837
363,0.60032105560259663,0.11263134697441994
364,0.64181131809201242,0.11233540037561578
365,0.81823313576065482,0.11429017940427084
366,0.5037397685577194,0.082242329207971518
367,0.57069397403330513,0.086309967225745576
368,0.60050627998871009,0.089693529242700604
369,0.78105595540502404,0.10937851407424576
370,0.88847727914197006,0.12293252927682286
371,0.57250211685012697,0.14589932055394508
372,0.63886536833192209,0.10709837879187827
373,0.5748571126164268,0.1134292317280601
374,0.62230983629692349,0.10972977709596357
375,0.55307119672593852,0.083962955125453029
376,0.53742414620378209,0.083967113985091796
377,0.6084444679650014,0.10220078748290991
378,0.6471563646627152,0.12928307931765493
379,0.64686529777025115,0.15969418021853235
380,0.73170688681907992,0.12344259269266288
381,0.91014853231724524,0.11369107169156401
382,0.7515170759243579,0.12050456480813355
383,0.92308777871860004,0.10289183953069499
384,0.87354466553767995,0.083341529361648486
385,0.83633220434659894,0.10787730977326397
386,0.83491215071972902,0.13579190022303231
387,0.48165396556590462,0.25124963076679713
388,0.53507797064634488,0.247555715609518
389,0.59095399379057301,0.23933871032392398
390,0.65735252610781825,0.25088377670864159
391,0.64428979678238785,0.24489283116542926
392,0.59326488851255998,0.24808727776434972
393,0.56468741179791138,0.2394944158798108
394,0.47794947784363534,0.23774672388392268
395,0.45611064069997176,0.33496268916771871
396,0.57585379621789445,0.240171480517789
397,0.49474315551792264,0.2448256271995585
398,0.58591765453005928,0.25459371396866515
399,0.55060153824442559,0.29172660047386595
400,0.54693233135760655,0.25889080516557816
401,0.47484476432401918,0.23366373278454705
402,0.51214542760372561,0.23833950305271234
403,0.49658657917019478,0.23305169255635511
404,0.54853760937058993,0.2224751589462465
405,0.53267887383573242,0.23686352166889635
406,0.54238110358453284,0.2371428027699605
407,0.53353443409539936,0.23473742877032647
408,0.51839895568727068,0.24349010922591252
409,0.47369813717188824,0.23210746125898951
410,0.50973751058425065,0.23788812993895725
411,0.58825500987863388,0.2493040418686405
412,0.51466800733841378,0.22885276605251678
413,0.50132303132938183,0.22785334767394491
414,0.56033022861981374,0.23124766382453504
415,0.62938364380468526,0.23756377731690323
416,0.50331639853231724,0.24224531249702824
417,0.47101679367767429,0.22470791966857515
418,0.47278083545018346,0.2397792431932913
419,0.50793818797629131,0.22055811097882158
420,0.50336931978549249,0.22791078483508476
421,0.47501234829240757,0.23195472205325232
422,0.46336085238498448,0.24016325771405492
423,0.53032387806943271,0.19831191535544546
424,0.53181449336720299,0.12525336323931202
425,0.51223362969235109,0.16109079772887444
426,0.50605066327970649,0.22959256693973534
427,0.56137101326559413,0.23881989952213764
428,0.45488463166807791,0.23635732005343876
429,0.45686917866215071,0.24794176110045529
430,0.46161445103020038,0.2239900111594148
431,0.45763653683319222,0.22398672314444021
432,0.46400472763195033,0.23090339656792638
433,0.45938293818797626,0.2210801744160597
434,0.46256703358735535,0.22331591138493292
435,0.45689563928873833,0.22040885937373508
436,0.46557472480948348,0.22950849853300925
437,0.48115121366073949,0.25062006304746681
438,0.4837355348574654,0.24086583052598243
439,0.47001128986734408,0.22422515563844383
440,0.46583051086649729,0.21910253142915301
441,0.47077864803838554,0.22835850783090977
442,0.47364521591871295,0.2219401796086502
443,0.46544242167654531,0.2191329891014924
444,0.4685824160316116,0.22250456263667534
445,0.45873024273214791,0.23466599707443464
446,0.46713590177815412,0.22809784323123675
447,0.48599350832627719,0.22618376857321856
448,0.4875811459215354,0.22331979641463534
449,0.46113815975162292,0.21160172247527426
450,0.47060224386113464,0.22013257812361023
451,0.47587672876093706,0.22456894256130944
452,0.47256915043748238,0.23090098990452393
453,0.48663738357324299,0.23024484983531046
454,0.48153048264182896,0.22443116610245309
455,0.47536515664690943,0.22440256055068739
456,0.47211931978549254,0.22458399929762757
457,0.46449865932825291,0.21684327768488673
458,0.46597163420829807,0.23283529253343144
459,0.49772438611346315,0.24131408217849767
460,0.50949936494496195,0.22420097914687342
461,0.48441469093988143,0.23151248571524968
462,0.50202864803838554,0.22943820268998247
463,0.50632408975444543,0.23067174518440853
464,0.46040608241603159,0.23082422881594511
465,0.50777942421676547,0.23168781325838778
466,0.49744213942986171,0.27167518099859561
467,0.58237193056731584,0.14919711605915859
468,0.61361311035845334,0.13777861403170752
469,0.60445773355913068,0.13584325926798554
470,0.59560224386113458,0.13342333050708127
471,0.55964225232853515,0.22143921005074763
472,0.51093705898955688,0.22134483524936818
473,0.52476714648602873,0.19867400596873794
474,0.51779918148461757,0.21908292839610435
475,0.48959215354219587,0.22107882029300824
476,0.49573101891052779,0.22464940635557437
477,0.50426898108947216,0.2205038632460978
478,0.49563399661303981,0.22603873007150985
479,0.55293007338413769,0.21577733880039091
480,0.55172170476996896,0.16502199603867623
481,0.57513935930002824,0.14449462785797423
482,0.57128492802709563,0.17721141239351182
483,0.56443162574089756,0.1906247451195219
484,0.59154494778436351,0.20310868811080873
485,0.56411409822184588,0.20653864317361709
486,0.56070949760090316,0.14878081550310984
487,0.51304508890770528,0.14873089907336159
488,0.56243825853796214,0.119173795011687
489,0.54355419136325145,0.22075723096129488
490,0.55602596669489135,0.22298560963087188
491,0.54572396274343782,0.21230340205810791
492,0.54296323736946095,0.21895929963700583
493,0.53723010160880613,0.21729043052608712
494,0.53588060965283657,0.22844720118518536
495,0.50313117414620379,0.22487158570466578
496,0.53952335591306799,0.21741019620456545
497,0.55245378210556029,0.21110614045937823
498,0.54445385266723112,0.21368634727303487
499,0.54002610781823313,0.20392964892859888
