        duration protocol_type     service flag  src_bytes  dst_bytes  \
0              0           tcp    ftp_data   SF        491          0   
1              0           udp       other   SF        146          0   
2              0           tcp     private   S0          0          0   
3              0           tcp        http   SF        232       8153   
4              0           tcp        http   SF        199        420   
5              0           tcp     private  REJ          0          0   
6              0           tcp     private   S0          0          0   
7              0           tcp     private   S0          0          0   
8              0           tcp  remote_job   S0          0          0   
9              0           tcp     private   S0          0          0   
10             0           tcp     private  REJ          0          0   
11             0           tcp     private   S0          0          0   
12             0           tcp        http   SF        287       2251   
13             0           tcp    ftp_data   SF        334          0   
14             0           tcp        name   S0          0          0   
15             0           tcp  netbios_ns   S0          0          0   
16             0           tcp        http   SF        300      13788   
17             0          icmp       eco_i   SF         18          0   
18             0           tcp        http   SF        233        616   
19             0           tcp        http   SF        343       1178   
20             0           tcp         mtp   S0          0          0   
21             0           tcp     private   S0          0          0   
22             0           tcp        http   SF        253      11905   
23          5607           udp       other   SF        147        105   
24             0           tcp         mtp   S0          0          0   
25           507           tcp      telnet   SF        437      14421   
26             0           tcp     private   S0          0          0   
27             0           tcp        http   SF        227       6588   
28             0           tcp        http   SF        215      10499   
29             0           tcp        http   SF        241       1400   
...          ...           ...         ...  ...        ...        ...   
125943         0           tcp    ftp_data   SF        491          0   
125944         1           tcp        smtp   SF       2049        362   
125945         0           tcp        http   SF        247        799   
125946         0           tcp      finger   S0          0          0   
125947         0          icmp       eco_i   SF         18          0   
125948         0           tcp     private   S0          0          0   
125949         0           tcp        http  REJ          0          0   
125950         0           udp     private   SF         28          0   
125951         0           tcp        http   SF        254        555   
125952         0           tcp        smtp   SF       1289        408   
125953         0           tcp        auth   S0          0          0   
125954         0           tcp        http   SF        269      10939   
125955         0           tcp        http  REJ          0          0   
125956         0          icmp       eco_i   SF         30          0   
125957         1           tcp        smtp   SF       1247        327   
125958         0           tcp     private   S0          0          0   
125959         0           tcp        http   SF        373       4777   
125960         0           tcp        http   SF        329        885   
125961         0           tcp        http   SF        236       2698   
125962         0           udp    domain_u   SF         33          0   
125963         0           tcp        http   SF        334       1600   
125964         0           tcp     private   S0          0          0   
125965         0           tcp        smtp   SF       2233        365   
125966         0           tcp     private   S0          0          0   
125967         0           tcp        http   SF        359        375   
125968         0           tcp     private   S0          0          0   
125969         8           udp     private   SF        105        145   
125970         0           tcp        smtp   SF       2231        384   
125971         0           tcp      klogin   S0          0          0   
125972         0           tcp    ftp_data   SF        151          0   

        wrong_fragment  hot  logged_in  num_compromised   ...    \
0                    0    0          0                0   ...     
1                    0    0          0                0   ...     
2                    0    0          0                0   ...     
3                    0    0          1                0   ...     
4                    0    0          1                0   ...     
5                    0    0          0                0   ...     
6                    0    0          0                0   ...     
7                    0    0          0                0   ...     
8                    0    0          0                0   ...     
9                    0    0          0                0   ...     
10                   0    0          0                0   ...     
11                   0    0          0                0   ...     
12                   0    0          1                0   ...     
13                   0    0          1                0   ...     
14                   0    0          0                0   ...     
15                   0    0          0                0   ...     
16                   0    0          1                0   ...     
17                   0    0          0                0   ...     
18                   0    0          1                0   ...     
19                   0    0          1                0   ...     
20                   0    0          0                0   ...     
21                   0    0          0                0   ...     
22                   0    0          1                0   ...     
23                   0    0          0                0   ...     
24                   0    0          0                0   ...     
25                   0    0          1                3   ...     
26                   0    0          0                0   ...     
27                   0    0          1                0   ...     
28                   0    0          1                0   ...     
29                   0    0          1                0   ...     
...                ...  ...        ...              ...   ...     
125943               0    0          1                0   ...     
125944               0    0          1                0   ...     
125945               0    0          1                0   ...     
125946               0    0          0                0   ...     
125947               0    0          0                0   ...     
125948               0    0          0                0   ...     
125949               0    0          0                0   ...     
125950               3    0          0                0   ...     
125951               0    0          1                0   ...     
125952               0    0          1                0   ...     
125953               0    0          0                0   ...     
125954               0    0          1                0   ...     
125955               0    0          0                0   ...     
125956               0    0          0                0   ...     
125957               0    0          1                0   ...     
125958               0    0          0                0   ...     
125959               0    0          1                0   ...     
125960               0    0          1                0   ...     
125961               0    0          1                0   ...     
125962               0    0          0                0   ...     
125963               0    0          1                0   ...     
125964               0    0          0                0   ...     
125965               0    0          1                0   ...     
125966               0    0          0                0   ...     
125967               0    0          1                0   ...     
125968               0    0          0                0   ...     
125969               0    0          0                0   ...     
125970               0    0          1                0   ...     
125971               0    0          0                0   ...     
125972               0    0          1                0   ...     

        dst_host_count  dst_host_srv_count  dst_host_same_srv_rate  \
0                  150                  25                    0.17   
1                  255                   1                    0.00   
2                  255                  26                    0.10   
3                   30                 255                    1.00   
4                  255                 255                    1.00   
5                  255                  19                    0.07   
6                  255                   9                    0.04   
7                  255                  15                    0.06   
8                  255                  23                    0.09   
9                  255                  13                    0.05   
10                 255                  12                    0.05   
11                 255                  13                    0.05   
12                   8                 219                    1.00   
13                   2                  20                    1.00   
14                 255                   1                    0.00   
15                 255                   2                    0.01   
16                  91                 255                    1.00   
17                   1                  16                    1.00   
18                  66                 255                    1.00   
19                 157                 255                    1.00   
20                 255                  23                    0.09   
21                 238                  17                    0.07   
22                  87                 255                    1.00   
23                 255                   1                    0.00   
24                 255                   2                    0.01   
25                 255                  25                    0.10   
26                 255                  13                    0.05   
27                  43                 255                    1.00   
28                 255                 255                    1.00   
29                 255                 255                    1.00   
...                ...                 ...                     ...   
125943               6                  65                    0.33   
125944              95                  87                    0.92   
125945             192                 255                    1.00   
125946             255                  10                    0.04   
125947               2                 218                    1.00   
125948             255                  13                    0.05   
125949             255                 255                    1.00   
125950             255                   3                    0.01   
125951              35                 170                    1.00   
125952             255                  58                    0.23   
125953             255                   9                    0.04   
125954              20                 255                    1.00   
125955               1                 220                    1.00   
125956             255                   4                    0.02   
125957             226                 129                    0.53   
125958             255                   4                    0.02   
125959              62                 255                    1.00   
125960             255                 255                    1.00   
125961             255                 247                    0.97   
125962             127                  17                    0.13   
125963             255                 255                    1.00   
125964             255                  12                    0.05   
125965               1                   2                    1.00   
125966             255                  13                    0.05   
125967               3                 255                    1.00   
125968             255                  25                    0.10   
125969             255                 244                    0.96   
125970             255                  30                    0.12   
125971             255                   8                    0.03   
125972             255                  77                    0.30   

        dst_host_diff_srv_rate  dst_host_same_src_port_rate  \
0                         0.03                         0.17   
1                         0.60                         0.88   
2                         0.05                         0.00   
3                         0.00                         0.03   
4                         0.00                         0.00   
5                         0.07                         0.00   
6                         0.05                         0.00   
7                         0.07                         0.00   
8                         0.05                         0.00   
9                         0.06                         0.00   
10                        0.07                         0.00   
11                        0.07                         0.00   
12                        0.00                         0.12   
13                        0.00                         1.00   
14                        0.07                         0.00   
15                        0.06                         0.00   
16                        0.00                         0.01   
17                        0.00                         1.00   
18                        0.00                         0.02   
19                        0.00                         0.01   
20                        0.05                         0.00   
21                        0.06                         0.00   
22                        0.00                         0.01   
23                        0.85                         1.00   
24                        0.06                         0.00   
25                        0.05                         0.00   
26                        0.07                         0.00   
27                        0.00                         0.02   
28                        0.00                         0.00   
29                        0.00                         0.00   
...                        ...                          ...   
125943                    0.33                         0.33   
125944                    0.02                         0.01   
125945                    0.00                         0.01   
125946                    0.07                         0.00   
125947                    0.00                         1.00   
125948                    0.07                         0.00   
125949                    0.00                         0.00   
125950                    0.01                         0.01   
125951                    0.00                         0.03   
125952                    0.06                         0.00   
125953                    0.04                         0.00   
125954                    0.00                         0.05   
125955                    0.00                         1.00   
125956                    0.01                         0.03   
125957                    0.03                         0.00   
125958                    0.05                         0.00   
125959                    0.00                         0.02   
125960                    0.00                         0.00   
125961                    0.01                         0.00   
125962                    0.03                         0.13   
125963                    0.00                         0.00   
125964                    0.06                         0.00   
125965                    0.00                         1.00   
125966                    0.07                         0.00   
125967                    0.00                         0.33   
125968                    0.06                         0.00   
125969                    0.01                         0.01   
125970                    0.06                         0.00   
125971                    0.05                         0.00   
125972                    0.03                         0.30   

        dst_host_srv_diff_host_rate  dst_host_serror_rate  \
0                              0.00                  0.00   
1                              0.00                  0.00   
2                              0.00                  1.00   
3                              0.04                  0.03   
4                              0.00                  0.00   
5                              0.00                  0.00   
6                              0.00                  1.00   
7                              0.00                  1.00   
8                              0.00                  1.00   
9                              0.00                  1.00   
10                             0.00                  0.00   
11                             0.00                  1.00   
12                             0.03                  0.00   
13                             0.20                  0.00   
14                             0.00                  1.00   
15                             0.00                  1.00   
16                             0.02                  0.00   
17                             1.00                  0.00   
18                             0.03                  0.00   
19                             0.04                  0.00   
20                             0.00                  1.00   
21                             0.00                  0.99   
22                             0.02                  0.00   
23                             0.00                  0.00   
24                             0.00                  1.00   
25                             0.00                  0.53   
26                             0.00                  1.00   
27                             0.14                  0.00   
28                             0.00                  0.00   
29                             0.00                  0.00   
...                             ...                   ...   
125943                         0.03                  0.00   
125944                         0.00                  0.00   
125945                         0.02                  0.00   
125946                         0.00                  1.00   
125947                         0.25                  0.00   
125948                         0.00                  1.00   
125949                         0.00                  0.00   
125950                         0.00                  0.00   
125951                         0.04                  0.00   
125952                         0.00                  0.51   
125953                         0.00                  1.00   
125954                         0.04                  0.00   
125955                         0.06                  0.00   
125956                         0.00                  0.00   
125957                         0.02                  0.01   
125958                         0.00                  1.00   
125959                         0.04                  0.00   
125960                         0.00                  0.00   
125961                         0.00                  0.00   
125962                         0.00                  0.00   
125963                         0.00                  0.00   
125964                         0.00                  1.00   
125965                         1.00                  0.00   
125966                         0.00                  1.00   
125967                         0.04                  0.33   
125968                         0.00                  1.00   
125969                         0.00                  0.00   
125970                         0.00                  0.72   
125971                         0.00                  1.00   
125972                         0.00                  0.00   

        dst_host_srv_serror_rate  dst_host_srv_rerror_rate  classe  
0                           0.00                      0.00       0  
1                           0.00                      0.00       0  
2                           1.00                      0.00       1  
3                           0.01                      0.01       0  
4                           0.00                      0.00       0  
5                           0.00                      1.00       1  
6                           1.00                      0.00       1  
7                           1.00                      0.00       1  
8                           1.00                      0.00       1  
9                           1.00                      0.00       1  
10                          0.00                      1.00       1  
11                          1.00                      0.00       1  
12                          0.00                      0.00       0  
13                          0.00                      0.00       1  
14                          1.00                      0.00       1  
15                          1.00                      0.00       1  
16                          0.00                      0.00       0  
17                          0.00                      0.00       1  
18                          0.00                      0.00       0  
19                          0.00                      0.00       0  
20                          1.00                      0.00       1  
21                          1.00                      0.00       1  
22                          0.00                      0.00       0  
23                          0.00                      0.00       0  
24                          1.00                      0.00       1  
25                          0.00                      0.16       0  
26                          1.00                      0.00       1  
27                          0.00                      0.57       0  
28                          0.00                      0.00       0  
29                          0.00                      0.00       0  
...                          ...                       ...     ...  
125943                      0.00                      0.00       0  
125944                      0.00                      0.00       0  
125945                      0.00                      0.00       0  
125946                      1.00                      0.00       1  
125947                      0.00                      0.00       1  
125948                      1.00                      0.00       1  
125949                      0.00                      0.00       0  
125950                      0.00                      0.00       1  
125951                      0.00                      0.00       0  
125952                      0.00                      0.00       0  
125953                      1.00                      0.00       1  
125954                      0.00                      0.00       0  
125955                      0.00                      1.00       0  
125956                      0.00                      0.00       0  
125957                      0.02                      0.00       0  
125958                      1.00                      0.00       1  
125959                      0.00                      0.00       0  
125960                      0.00                      0.00       0  
125961                      0.00                      0.00       0  
125962                      0.00                      0.00       0  
125963                      0.00                      0.00       0  
125964                      1.00                      0.00       1  
125965                      0.00                      0.00       0  
125966                      1.00                      0.00       1  
125967                      0.00                      0.00       0  
125968                      1.00                      0.00       1  
125969                      0.00                      0.00       0  
125970                      0.00                      0.00       0  
125971                      1.00                      0.00       1  
125972                      0.00                      0.00       0  

[125973 rows x 31 columns]
