epoch,acc,loss
0,0.53394487946732694,7.511921021956427
1,0.53394487957970183,7.5119210177309022
2,0.53394487943578317,7.5119210188885299
3,0.53394487938978186,7.5119210212794059
4,0.53394487941409685,7.5119210181820337
5,0.5339448795580154,7.5119210162975278
6,0.53394487952055714,7.5119210163918106
7,0.53394487942066848,7.5119210180605922
8,0.5339448794574696,7.5119210167004713
9,0.53394487959481651,7.5119210181270688
10,0.5339448795488152,7.5119210178184073
11,0.53394487950149949,7.5119210157629777
12,0.53394487948967051,7.5119210193576258
13,0.5339448794574696,7.5119210222942394
14,0.53394487927806422,7.5119210209280389
15,0.53394487944301194,7.5119210142522634
16,0.53394487942526858,7.5119210201987938
17,0.53394487956787284,7.5119210148661963
18,0.53394487935429502,7.5119210200739639
19,0.53394487956195835,7.5119210169073751
20,0.53394487966644721,7.5119210177451547
21,0.53394487925440637,7.5119210186019201
22,0.53394487944169766,7.5119210194064614
23,0.53394487966644721,7.511921018220006
24,0.53394487950872827,7.5119210175416393
25,0.53394487931026513,7.5119210194620738
26,0.53394487945155511,7.5119210156300253
27,0.53394487941935409,7.5119210190679508
28,0.53394487949887082,7.5119210197130792
29,0.53394487952975744,7.5119210163687375
30,0.53394487946929847,7.5119210181229823
31,0.53394487934969492,7.5119210188970271
32,0.53394487946732694,7.5119210182708844
33,0.53394487950675673,7.5119210189892662
34,0.53394487961650294,7.5119210175789641
35,0.53394487970193405,7.5119210137794559
36,0.53394487966118998,7.5119210150622369
37,0.53394487954618652,7.5119210195902921
38,0.53394487947718439,7.5119210202110027
39,0.53394487937861002,7.5119210167092918
40,0.53394487938781032,7.5119210183692537
41,0.53394487929120737,7.5119210184811767
42,0.53394487933458012,7.5119210188549683
43,0.53394487934312329,7.5119210156998903
44,0.53394487946075542,7.5119210162245986
45,0.53394487939635338,7.5119210204314601
46,0.53394487953632908,7.5119210168090058
47,0.53394487946469837,7.5119210170756086
48,0.53394487945484093,7.5119210176976638
49,0.53394487932735135,7.5119210183516127
50,0.53394487956655856,7.5119210200685318
51,0.53394487932340839,7.5119210205820535
52,0.53394487949164204,7.5119210160553429
53,0.53394487949755642,7.5119210217549552
54,0.53394487938452451,7.5119210188020462
55,0.53394487952252867,7.5119210191486792
56,0.5339448793326087,7.5119210185727683
57,0.53394487947258429,7.5119210188895513
58,0.53394487947915592,7.5119210162100227
59,0.5339448793082936,7.5119210185585166
60,0.53394487940752522,7.51192102013162
61,0.53394487922483402,7.5119210183984046
62,0.53394487959021641,7.5119210168965109
63,0.53394487948769898,7.5119210175748776
64,0.53394487963227477,7.5119210179920728
65,0.5339448793950391,7.5119210185676604
66,0.53394487934443757,7.5119210177309022
67,0.53394487937466706,7.5119210189879206
68,0.53394487954750081,7.5119210171597253
69,0.53394487960270243,7.5119210179011793
70,0.53394487944432634,7.5119210182871798
71,0.53394487943644031,7.5119210174066442
72,0.53394487952252867,7.5119210167723791
73,0.53394487942461144,7.5119210183231084
74,0.53394487968813364,7.511921016360616
75,0.5339448795199,7.5119210185055945
76,0.53394487962438886,7.5119210143316453
77,0.53394487944892643,7.511921015601521
78,0.53394487949229918,7.511921020244241
79,0.53394487941343971,7.5119210169935346
80,0.53394487933918033,7.5119210204124744
81,0.53394487949361347,7.511921016967074
82,0.53394487951661418,7.5119210179500149
83,0.53394487921366218,7.5119210193752659
84,0.53394487951135683,7.5119210175925186
85,0.53394487943709756,7.5119210187280947
86,0.53394487941278246,7.5119210172051725
87,0.53394487930763646,7.5119210191775068
88,0.53394487972887772,7.5119210158803327
89,0.53394487938518165,7.5119210215500951
90,0.53394487935363788,7.5119210192049897
91,0.53394487947849878,7.5119210154807776
92,0.53394487943709756,7.5119210186283807
93,0.53394487923994871,7.5119210187735419
94,0.53394487945944102,7.5119210190455767
95,0.53394487937992441,7.5119210159875216
96,0.53394487927543555,7.5119210193718784
97,0.5339448794620697,7.5119210175592803
98,0.53394487929712187,7.5119210197056043
99,0.53394487937598134,7.5119210181535294
100,0.53394487925703493,7.5119210182834166
101,0.53394487968747639,7.5119210150554601
102,0.53394487944892643,7.5119210170233846
103,0.53394487952055714,7.511921015773841
104,0.53394487947784164,7.5119210194763264
105,0.53394487936678114,7.5119210179954612
106,0.53394487953304326,7.5119210165953252
107,0.53394487952121428,7.5119210197307202
108,0.53394487941212532,7.5119210193929078
109,0.53394487954355785,7.511921017443969
110,0.53394487956458703,7.5119210176155908
111,0.5339448793036935,7.5119210173964781
112,0.53394487945352653,7.5119210171827975
113,0.53394487924454892,7.5119210205895284
114,0.53394487951924285,7.511921018614129
115,0.53394487942921154,7.5119210197660014
116,0.53394487932209411,7.5119210192660342
117,0.53394487949689928,7.5119210159919323
118,0.53394487930435064,7.5119210173055846
119,0.5339448794285544,7.5119210201390949
120,0.53394487944826929,7.5119210169250152
121,0.53394487936415247,7.511921020603781
122,0.53394487931355095,7.5119210166346928
123,0.53394487962438886,7.5119210171298754
124,0.5339448796434465,7.5119210146328328
125,0.53394487953632908,7.5119210171631137
126,0.53394487942526858,7.511921017643397
127,0.53394487949624214,7.5119210193888204
128,0.53394487941475399,7.5119210174717752
129,0.53394487944958358,7.5119210171366531
130,0.53394487950675673,7.5119210186351584
131,0.53394487958561621,7.5119210173978237
132,0.53394487931026513,7.5119210191663202
133,0.53394487935298074,7.5119210200007114
134,0.5339448793418089,7.5119210188067802
135,0.53394487959481651,7.511921018778974
136,0.53394487946995561,7.51192101635045
137,0.53394487946535552,7.5119210165709074
138,0.53394487958167325,7.51192101896146
139,0.53394487943972613,7.5119210170810407
140,0.53394487943052593,7.5119210194044177
141,0.53394487931026513,7.5119210197917639
142,0.53394487928595014,7.5119210206926317
143,0.53394487959613091,7.511921017078997
144,0.53394487963490345,7.5119210177594065
145,0.53394487957641601,7.5119210159875216
146,0.53394487934575197,7.5119210185985317
147,0.53394487918606137,7.5119210211308562
148,0.5339448793569237,7.51192101686736
149,0.5339448795291003,7.5119210167459185
