epoch,acc,loss
0,0.56544594976009033,0.30011969047914699
1,0.5158587355348575,0.20565467433917994
2,0.49764500423370023,0.25739004829150186
3,0.51186318092012417,0.27597447101000999
4,0.74357006773920409,0.1967243788187357
5,0.74728337567033587,0.19569165075794581
6,0.58739062941010445,0.14928337383396675
7,0.57061459215354216,0.15351554725693134
8,0.56145921535421961,0.15817067233497117
9,0.57469834885690096,0.22326781447063906
10,0.54315728196443691,0.27437204755950872
11,0.68162574089754446,0.24945588907022512
12,0.82850867908552073,0.26159852421022056
13,0.80401495907423093,0.21024618982056809
14,0.77608135760654817,0.13228135459428189
15,0.72164302850691509,0.12361105269449789
16,0.68669736099350831,0.13235204732556308
17,0.70212390629410104,0.13015695471395877
18,0.81233241603161166,0.092054575636301511
19,0.76478267005362688,0.099957747683595888
20,0.75590953993790577,0.15793039409624521
21,0.75252257973468817,0.10673617058605488
22,0.74990297770251202,0.11509463048196922
23,0.76104290149590748,0.10842579505705983
24,0.75382797064634488,0.16686333077274301
25,0.75285774767146485,0.17412200028819619
26,0.7387983347445668,0.090773946784566559
27,0.7743702370872142,0.086845843577919801
28,0.85708615580016934,0.11603788566673136
29,0.62828993790572962,0.14344173055629775
30,0.61087884561106409,0.11465446566859265
31,0.64204064352243861,0.14019299661406004
32,0.73357677109793962,0.13627732918327698
33,0.64017957945244142,0.12919868736667112
34,0.63314105278012989,0.12834379120690664
35,0.78852667231160034,0.12197556543621205
36,0.77365580016934798,0.13168223375133886
37,0.77084215354219587,0.1208021020261497
38,0.77976820491109233,0.11752264585837931
39,0.80766652554332485,0.11501549143958967
40,0.76661727349703646,0.15321823499426399
41,0.65258961332204346,0.15762427105577748
42,0.63797452723680492,0.12362015309651236
43,0.612413561953147,0.14872057059644028
44,0.866259173017217,0.16698722181608736
45,0.79632373694609093,0.19402646987377853
46,0.73068374259102453,0.2089526056554955
47,0.71249647191645493,0.16897183429931115
48,0.71473680496754166,0.23333236421307194
49,0.7151337143663562,0.22039173024439423
50,0.64905270956816252,0.24071277941853281
51,0.67621895286480382,0.23670298536405657
52,0.67725091730172171,0.22249081297774842
53,0.70748659328252894,0.202245951390853
54,0.65973398250070558,0.19355537482141219
55,0.62163068021450751,0.18429217641345022
56,0.62578499858876657,0.12375753353590926
57,0.61478619813717184,0.12130233886649773
58,0.58592647473892179,0.12173084393597584
59,0.58340389500423373,0.12223931907004686
60,0.74558107535986451,0.11377134675223195
61,0.58872248094834889,0.20352818758345737
62,0.52241215071972902,0.21786252685434848
63,0.52351467682754727,0.21720427664421765
64,0.54707345469940727,0.22036427757138352
65,0.51568233135760655,0.22003655590094282
66,0.538359088343212,0.21807223704354445
67,0.49656893875246966,0.22697097595161947
68,0.57050874964719167,0.2192237763350284
69,0.5314881456392887,0.21669840014023642
70,0.54024661303979682,0.22325812466200876
71,0.59488780694326837,0.22108246378361213
72,0.75978161162856339,0.22212568689785242
73,0.89423687552921249,0.22776627212805564
74,0.90338343211967265,0.23937512577440381
75,0.88833615580016934,0.21802179559631563
76,0.9261924922382162,0.21434889331764198
77,0.8928432825289303,0.21719000643151531
78,0.85828570420547556,0.22128443571120449
79,0.84208298052497887,0.22416828386951337
80,0.80906011854360715,0.22243569352364603
81,0.55196867061812027,0.22282742823513965
82,0.60376093705898959,0.22023061569100366
83,0.56407881738639576,0.21862249618709692
84,0.58976326559412928,0.2218617321760811
85,0.52067456957380753,0.22320404350939918
86,0.65447713801862828,0.22359692665084471
87,0.61058777871860004,0.22902090174421369
88,0.53535139712108382,0.21947582894598056
89,0.48654918148461757,0.22292915620590906
90,0.66335026813434939,0.22026308302123537
91,0.69867520462884558,0.22470645138202414
92,0.7553715071972904,0.22459736886242646
93,0.76822255151001972,0.22011239807504626
94,0.57435436071126167,0.21758268904783595
95,0.57441610217329941,0.22976084993306839
96,0.53639218176686421,0.22258260438821351
97,0.60343458933107541,0.22324489130559444
98,0.62671994072819648,0.22085189298923427
99,0.68818797629127859,0.23064275053784314
100,0.58144580863674855,0.22467424790382945
101,0.53786515664690937,0.21873480528047787
102,0.76004621789443971,0.21975198267349988
103,0.78829734688117414,0.22296913671993748
104,0.71033552074513129,0.22105530065631196
105,0.61708827265029631,0.22546029977082718
106,0.57161127575500992,0.21994482910433077
107,0.60311706181202374,0.22884285590409828
108,0.51583227490826988,0.22187491121367264
109,0.61378951453570418,0.21386593085039018
110,0.62272438611346315,0.22583724886010967
111,0.62649061529777028,0.21729077513076492
112,0.58976326559412928,0.2150548263189222
113,0.74927674287327128,0.21536074985812145
114,0.71261995484053064,0.22368504620720275
115,0.84382938187976286,0.21665641911194033
116,0.74979713519616142,0.22331082751650189
117,0.66662256562235389,0.2179960776628817
118,0.66866885407846455,0.21497704716135738
119,0.61433636748518206,0.2169260452443379
120,0.79426862828111766,0.22078830860039755
121,0.79533587355348578,0.22806837418404677
122,0.70539620378210555,0.21433836611162346
123,0.80973927462602313,0.21408368747285994
124,0.61628563364380473,0.21852390898910659
125,0.54119919559695173,0.21638962793183636
126,0.64757091447925486,0.2166935680368233
127,0.64002963590177819,0.20997000476488023
128,0.52703394016370309,0.21952744747407313
129,0.56581639853231724,0.233225439907564
130,0.73706957380750782,0.2339674645291997
131,0.87992167654530062,0.21725693971397686
132,0.79211649731865652,0.22023713691852478
133,0.8751058425063506,0.21850310871746828
134,0.93332804120801582,0.21313190367766122
135,0.78494566751340666,0.21496663436843083
136,0.57011184024837713,0.21932110172949779
137,0.55487051933389786,0.21555422062816254
138,0.90081675134067174,0.23089170368947959
139,0.9138265594129269,0.22042097023225676
140,0.8155341518487158,0.21301669576872984
141,0.63690728196443691,0.22583880233137946
142,0.68819679650014109,0.21722663709711737
143,0.60520745131244713,0.22844263070586901
144,0.69049005080440307,0.23584348366168073
145,0.84898038385548968,0.22587693819964089
146,0.8422329240756421,0.22792514669356095
147,0.86871119108100481,0.22641957861231626
148,0.87958650860852383,0.23171822136744943
149,0.83799922382162007,0.21219307901354006
150,0.85479290149590748,0.21781196766238306
151,0.80191574936494492,0.2143197684305331
152,0.84068056731583407,0.22173892403782738
153,0.70746013265594132,0.22490828360167484
154,0.54312200112898679,0.22850714509599837
155,0.56695420547558562,0.2132031643735473
156,0.60346104995766303,0.21336947973468587
157,0.79655306237651713,0.22914683939534475
158,0.74800663279706459,0.22328274103948512
159,0.6199901213660739,0.22913520605068341
160,0.59840707027942419,0.22882121812617573
161,0.55671394298616994,0.23311502171412904
162,0.69968070843917585,0.22114352741003121
163,0.68145815692915612,0.23605380668489626
164,0.69238639570985039,0.238479785976667
165,0.73951277166243301,0.24129126448003096
166,0.50698560541913629,0.22919435684521827
167,0.50915537679932266,0.23590082616558511
168,0.49190304826418291,0.23169917131356974
169,0.49151495907423087,0.24883079591443283
170,0.54338660739486311,0.23311244259299838
171,0.51589401637030763,0.22804639274458149
172,0.65771415467118266,0.22492059029711564
173,0.58490333051086651,0.21379494719558817
174,0.53279353655094552,0.2101550867605915
175,0.54177250917301722,0.22481279413944949
176,0.595963872424499,0.22689595239636456
177,0.54391581992661586,0.2254639969957076
178,0.55053097657352523,0.22450145284311263
179,0.52384102455546144,0.22666947089382494
180,0.5325289302850692,0.22243826475496842
181,0.50486875529212527,0.22835108435297449
182,0.53842965001411236,0.22300859739314943
183,0.5911833192209992,0.21996976388423153
184,0.52235040925769127,0.22061593396434653
185,0.51634384702229752,0.22371470531456791
186,0.51278930285069146,0.22486134825367196
187,0.51346845893310755,0.22571996001927308
188,0.50901425345752183,0.2148861833762557
189,0.50432190234264751,0.21935873072764944
190,0.52156541066892459,0.21615026773035678
191,0.53444291560824164,0.22017395881946619
192,0.52295018346034439,0.22669401696819977
