epoch,acc,loss
0,0.70555555679731896,1.3271660814889603
1,0.65222222639454741,0.39474846999057467
2,0.60000000504983797,0.41324278659368346
3,0.59888889176978011,0.26431819733309869
4,0.62111111705501876,0.29910210922632058
5,0.58333333689305522,0.27445531331856426
6,0.57944444815317786,0.23568407836331365
7,0.57611111526687941,0.25316256157756367
8,0.56777778300974102,0.32191774412834395
9,0.57500000426338782,0.31349044224148293
10,0.56055556229419179,0.32788405501843143
11,0.56055556121799677,0.22168730390136868
12,0.56944444965985086,0.12392867891600569
13,0.56888889318539038,0.13819593505072084
14,0.56055556080407565,0.18899232922623116
15,0.52611111787458265,0.38957979446600399
16,0.55666667380266721,0.29206764387555367
17,0.55833333941797414,0.23136513686234442
18,0.54666667166683414,0.31208911601926148
19,0.54277778375479913,0.32202076559260606
20,0.54000000692903993,0.34135534435691728
21,0.55277778253787091,0.3309706072145126
22,0.56611111735304198,0.22361093960741224
23,0.56166667354603605,0.2001928255814063
24,0.55111111613611385,0.23322870766108583
25,0.53555556254254444,0.31201480181520713
26,0.54500000584456654,0.30455496492015499
27,0.55333333863980239,0.22964943692329851
28,0.54722222814129462,0.21848083293122425
29,0.53000000508295164,0.22667339774068548
30,0.5311111166245408,0.22981000690059256
31,0.53000000620053878,0.2475912034279544
32,0.54833334017958901,0.24121985166574531
33,0.52277778573334222,0.23081983879577214
34,0.52277778494689198,0.27344163067322774
35,0.54500000712772212,0.23685173967565384
36,0.53777778289384315,0.23112862415522006
37,0.51111111760967309,0.39489283400220704
38,0.51555556199616859,0.33268513633334401
39,0.51555556158224747,0.21847243212481166
40,0.52888889412085216,0.32519093314096809
41,0.4805555614332358,0.40569609025474668
42,0.49277778371340697,0.38603165250804322
43,0.48833333953387209,0.37740908871128342
44,0.482777784143885,0.36659827690938174
45,0.48944445070293213,0.3636350684799759
46,0.53555556245976021,0.39454200896266733
47,0.55111111746066144,0.29945582507967222
48,0.54055556133389471,0.41015739912982097
49,0.54000000593562925,0.42058756961260868
50,0.55055556048949561,0.58306104643654377
51,0.53333333966632679,0.30870371283963322
52,0.54666667150126558,0.25293673089100693
53,0.55888889481623971,0.27490912764640396
54,0.68500000006622741,0.83859980248639154
55,0.57055556062195034,0.27395537387249835
56,0.56666667221320999,0.21405406120757106
57,0.571111114985413,0.36705802063984772
58,0.56888889388905628,0.36090479492211469
59,0.56055556188027067,0.38103694459762966
60,0.55333333810170493,0.39738784956037609
61,0.54722222967280287,0.37365373632605031
62,0.54833333968288367,0.36819268168748953
63,0.55166667290031912,0.39796539959853461
64,0.56833333791130114,0.36676716989750274
65,0.5622222288615174,0.36170648516894693
66,0.55333333926068407,0.35166017022953988
67,0.55777778480615881,0.34873367481506851
68,0.54611111792425315,0.35306553321909934
69,0.54777778445018666,0.34992128662366856
70,0.54944445139004128,0.34950905420660183
71,0.55222222945756383,0.35069855818251705
72,0.54888889541228614,0.3651464216439409
73,0.54722222859660785,0.36349743876570656
74,0.54555556016663709,0.36207117446586684
75,0.54611111655831335,0.36157151419720324
76,0.54055556075440514,0.36135634645062154
77,0.53777778322498004,0.36256834206152333
78,0.53555556465354226,0.38378729528477479
79,0.49222222972247337,0.53928291780910909
80,0.50166667356259298,0.51769552728932866
81,0.5000000074505806,0.5174372457123253
82,0.48611111831333903,0.53694946911295527
83,0.49333334022925962,0.54219590234760184
84,0.5055555628819598,0.53754999283715332
85,0.49222222794261244,0.52888653272156161
86,0.52444445047941468,0.416573225273215
87,0.55333333772917592,0.37735714539125587
88,0.74666666537523274,0.61905883199296008
89,0.60833333854873972,0.48476455177167532
90,0.55388889345857828,0.43366321851046652
91,0.56666667312383656,0.46535617586244676
92,0.5555555620955096,0.43514740455882728
93,0.55277778295179203,0.42002801961255803
94,0.5561111179076963,0.41482773166434428
95,0.55055556156569052,0.3929027859322054
96,0.55722222721411119,0.40176014720265002
97,0.5500000052981906,0.34173242264692411
98,0.54055556149946316,0.44563167614752375
99,0.53944445033040311,0.46110942556115331
100,0.53722222973075173,0.4410602143580844
101,0.52944444902241228,0.46717976815190115
102,0.52333333972427576,0.52848615733382753
103,0.51555556166503169,0.53973217189033873
104,0.52277778283589416,0.54025101808361398
105,0.51833334014647536,0.53970760082819136
106,0.50555556275778346,0.53917404841469541
107,0.49777778453297084,0.54025122015074079
108,0.50333333979878159,0.53817724882085005
109,0.50444445138176286,0.53825634592770555
110,0.50000000562932756,0.53714755349396404
111,0.50222222800883987,0.53713260161983067
112,0.50277778394520278,0.53025840115555589
113,0.50333333826727333,0.52188559931657641
114,0.50777778426806131,0.51973421978440859
115,0.50611111679010923,0.53005796985332077
116,0.49833333964149157,0.53784606055828088
117,0.49055556348628471,0.53394691468410105
118,0.50833334020442433,0.53797490985474117
119,0.50111111708813239,0.53837393467156791
120,0.50111111775040629,0.54108234049884119
121,0.49388889388905632,0.55073127924905652
122,0.49444445065326159,0.53541662925971545
123,0.51000000552998648,0.46077676135614132
124,0.49111111784974731,0.5227732709509938
125,0.48833334003057743,0.51922689529827848
126,0.5027777839865949,0.50501539991038147
127,0.50500000483459895,0.46298357096143261
128,0.58833333729869786,0.53485860380589856
129,0.54833333939313889,0.23934197309574504
130,0.54833333703378839,0.31582042463447174
131,0.54833333914478621,0.27166318826538272
132,0.54833333964149156,0.24763214085150037
133,0.55611111794908841,0.36008991516662514
134,0.54222222595579095,0.3552491165552864
135,0.54833333922757044,0.35041429632389015
136,0.55277778253787091,0.35472835700250777
137,0.55222222916781905,0.35405359984041651
138,0.5522222283399767,0.3531503230119698
139,0.54666667203936314,0.35306122958067537
140,0.55166667227943733,0.35198198417013676
141,0.55333333826727338,0.35228257354066739
142,0.55388889494869442,0.34946266615340682
143,0.55111111704674032,0.35226182650622934
144,0.55277778398659494,0.35165130772976327
145,0.54111111834645276,0.3522530784351855
146,0.54500000530646908,0.35743215513142773
147,0.55555556122627525,0.59793107042245941
148,0.54611111813121371,0.31532144520590211
149,0.5511111166328192,0.23153794072439066
