Using TensorFlow backend.
/home/wzalewski/lapsec/Classificador/experimentos/20_attribute/hybrid
init
init knn module
Knn classifier
init rna module
aa
init
init
init
init
init
Iniciando Cross validation:
iteracao
-- FOLD 1 --
Carregando sub base 1...
AAAA
[['ftp_data' 'SF' 151 ..., 0.0 0 57334.0]
 ['http' 'SF' 319 ..., 0.0 0 123332.0]
 ['http' 'SF' 207 ..., 0.0 0 122111.0]
 ..., 
 ['daytime' 'S0' 0 ..., 0.0 1 9281.0]
 ['domain_u' 'SF' 44 ..., 0.0 0 123913.0]
 ['http' 'SF' 223 ..., 0.0 0 189.0]]
Carregando sub base 2...
AAAA
[['login' 'S0' 0 ..., 0.0 1 56509.0]
 ['http' 'SF' 235 ..., 0.0 0 3136.0]
 ['smtp' 'SF' 1281 ..., 0.0 0 5423.0]
 ..., 
 ['private' 'REJ' 0 ..., 1.0 1 59006.0]
 ['http' 'SF' 304 ..., 0.0 0 12188.0]
 ['http' 'SF' 315 ..., 0.0 0 17905.0]]
Carregando sub base 3...
AAAA
[['klogin' 'S0' 0 ..., 0.0 1 75430.0]
 ['http' 'SF' 359 ..., 0.77 0 99319.0]
 ['private' 'S0' 0 ..., 0.0 1 53475.0]
 ..., 
 ['domain_u' 'SF' 44 ..., 0.0 0 20537.0]
 ['http' 'SF' 321 ..., 0.0 0 19487.0]
 ['uucp' 'S0' 0 ..., 0.0 1 113211.0]]
Carregando sub base 4...
AAAA
[['eco_i' 'SF' 18 ..., 0.0 1 84164.0]
 ['eco_i' 'SF' 8 ..., 0.0 1 66696.0]
 ['other' 'RSTR' 1 ..., 1.0 1 14458.0]
 ..., 
 ['ecr_i' 'SF' 520 ..., 0.0 1 26109.0]
 ['name' 'S0' 0 ..., 0.0 1 1546.0]
 ['other' 'REJ' 0 ..., 1.0 1 27242.0]]
Carregando sub base 5...
AAAA
[['Z39_50' 'REJ' 0 ..., 1.0 1 21186.0]
 ['http' 'SF' 245 ..., 0.0 0 96103.0]
 ['smtp' 'SF' 838 ..., 0.0 0 109040.0]
 ..., 
 ['private' 'SF' 1 ..., 0.0 1 29971.0]
 ['private' 'REJ' 0 ..., 1.0 1 53146.0]
 ['ftp_data' 'SF' 59 ..., 0.0 0 119987.0]]
Carregando sub base 6...
AAAA
[['echo' 'S0' 0 ..., 0.0 1 124385.0]
 ['private' 'S0' 0 ..., 0.0 1 57503.0]
 ['http' 'SF' 243 ..., 0.0 0 78511.0]
 ..., 
 ['ftp_data' 'SF' 501760 ..., 0.0 0 62428.0]
 ['domain_u' 'SF' 43 ..., 0.0 0 80681.0]
 ['http' 'SF' 313 ..., 0.0 0 60469.0]]
Carregando sub base 7...
AAAA
[['http' 'SF' 271 ..., 0.0 0 94202.0]
 ['private' 'S0' 0 ..., 0.0 1 88803.0]
 ['uucp' 'S0' 0 ..., 0.0 1 124444.0]
 ..., 
 ['http' 'SF' 312 ..., 0.0 0 113298.0]
 ['nntp' 'S0' 0 ..., 0.0 1 75086.0]
 ['ftp_data' 'SF' 12 ..., 0.0 0 39805.0]]
Carregando sub base 8...
AAAA
[['http' 'SF' 282 ..., 0.0 0 50942.0]
 ['http' 'SF' 198 ..., 0.01 0 262.0]
 ['other' 'RSTR' 1 ..., 1.0 1 103025.0]
 ..., 
 ['http' 'SF' 330 ..., 0.0 0 12654.0]
 ['ntp_u' 'SF' 48 ..., 0.0 0 58749.0]
 ['http' 'SF' 272 ..., 0.0 0 77874.0]]
Carregando sub base 9...
AAAA
[['private' 'S0' 0 ..., 0.0 1 3302.0]
 ['ecr_i' 'SF' 1032 ..., 0.0 1 124875.0]
 ['time' 'RSTO' 0 ..., 1.0 1 70313.0]
 ..., 
 ['ftp_data' 'SF' 8737 ..., 0.0 0 51103.0]
 ['other' 'SF' 113 ..., 0.0 0 119196.0]
 ['ftp_data' 'SF' 2194619 ..., 0.0 0 106070.0]]
          service  flag  src_bytes  dst_bytes  wrong_fragment  logged_in  \
0        ftp_data    SF        151          0               0          1   
1            http    SF        319      15251               0          1   
2            http    SF        207        670               0          1   
3        http_443   REJ          0          0               0          0   
4         private    S0          0          0               0          0   
5        iso_tsap    S0          0          0               0          0   
6            http    SF        246      11868               0          1   
7            http    SF        323       1840               0          1   
8            smtp  RSTO          0          0               0          0   
9          telnet    S0          0          0               0          0   
10        discard    S0          0          0               0          0   
11          other   REJ          0          0               0          0   
12           http    SF        285      47556               0          1   
13         telnet    S0          0          0               0          0   
14          ecr_i    SF       1032          0               0          0   
15           http    SF        227       1797               0          1   
16        private  RSTR          0          0               0          0   
17        private    S0          0          0               0          0   
18     netbios_ns    S0          0          0               0          0   
19        daytime    S0          0          0               0          0   
20         telnet    SF        889     558164               0          1   
21     netbios_ns   REJ          0          0               0          0   
22       domain_u    SF         44         44               0          0   
23          ecr_i    SF       1032          0               0          0   
24           http    SF        202        303               0          1   
25          eco_i    SF          8          0               0          0   
26        netstat    S0          0          0               0          0   
27           http    SF        345        301               0          1   
28          vmnet    S0          0          0               0          0   
29           http    S0          0          0               0          0   
...           ...   ...        ...        ...             ...        ...   
12567        http    SF        294      13209               0          1   
12568        smtp    SF       1296        336               0          1   
12569        http    SF        245        381               0          1   
12570     sql_net   REJ          0          0               0          0   
12571       ecr_i    SF       1032          0               0          0   
12572        http    S0          0          0               0          0   
12573        http    SF        173        523               0          1   
12574    ftp_data    SF      10073          0               0          1   
12575    domain_u    SF         44         74               0          0   
12576        smtp    SF       1372        333               0          1   
12577       urp_i    SF         78          0               0          0   
12578         mtp    S0          0          0               0          0   
12579       eco_i    SF         18          0               0          0   
12580     private   REJ          0          0               0          0   
12581        http    SF        299       4498               0          1   
12582        http    S0          0          0               0          0   
12583     private    SF         28          0               3          0   
12584     private  RSTR          1          0               0          0   
12585        http    SF        243       2006               0          1   
12586       ecr_i    SF       1032          0               0          0   
12587    domain_u    SF         45        131               0          0   
12588        http    SF        319       8973               0          1   
12589        smtp    SF       1871        331               0          1   
12590      telnet    S0          0          0               0          0   
12591     private    S0          0          0               0          0   
12592        auth    S0          0          0               0          0   
12593    domain_u    SF         45         45               0          0   
12594    ftp_data    SF       8737          0               0          1   
12595       other    SF        113          0               0          0   
12596    ftp_data    SF    2194619          0               0          1   

       count  serror_rate  srv_serror_rate  same_srv_rate       ...         \
0          1         0.00             0.00           1.00       ...          
1          3         0.00             0.00           1.00       ...          
2         33         0.00             0.00           1.00       ...          
3        106         0.00             0.00           0.14       ...          
4        113         1.00             1.00           0.08       ...          
5        230         1.00             1.00           0.01       ...          
6          8         0.00             0.00           1.00       ...          
7         12         0.00             0.00           1.00       ...          
8          1         0.00             0.00           1.00       ...          
9         41         1.00             1.00           0.24       ...          
10       109         1.00             1.00           0.07       ...          
11       475         0.07             0.00           0.00       ...          
12         3         0.00             0.00           1.00       ...          
13         9         1.00             1.00           0.22       ...          
14       511         0.00             0.00           1.00       ...          
15        16         0.00             0.00           1.00       ...          
16         1         0.00             0.00           1.00       ...          
17       150         1.00             1.00           0.11       ...          
18       294         1.00             1.00           0.08       ...          
19       294         1.00             1.00           0.01       ...          
20         1         0.00             0.00           1.00       ...          
21       240         0.00             0.00           0.05       ...          
22       131         0.00             0.00           1.00       ...          
23       108         0.00             0.00           1.00       ...          
24         1         0.00             0.00           1.00       ...          
25         1         0.00             0.00           1.00       ...          
26       182         1.00             1.00           0.13       ...          
27        12         0.00             0.00           1.00       ...          
28       269         1.00             1.00           0.03       ...          
29        61         1.00             1.00           0.25       ...          
...      ...          ...              ...            ...       ...          
12567     23         0.00             0.00           1.00       ...          
12568      1         0.00             0.00           1.00       ...          
12569     11         0.00             0.00           1.00       ...          
12570      2         0.00             0.00           0.50       ...          
12571    226         0.00             0.00           1.00       ...          
12572     29         1.00             1.00           0.34       ...          
12573      9         0.00             0.00           1.00       ...          
12574      2         0.00             0.00           1.00       ...          
12575    135         0.00             0.00           1.00       ...          
12576      1         0.00             0.00           1.00       ...          
12577      9         0.00             0.00           0.11       ...          
12578    300         1.00             1.00           0.07       ...          
12579      1         0.00             0.00           1.00       ...          
12580    175         0.00             0.00           0.05       ...          
12581      3         0.00             0.00           1.00       ...          
12582      2         0.50             0.25           1.00       ...          
12583     74         0.00             0.00           1.00       ...          
12584      2         0.00             0.00           1.00       ...          
12585     26         0.00             0.00           1.00       ...          
12586    511         0.00             0.00           1.00       ...          
12587     46         0.00             0.00           1.00       ...          
12588      4         0.00             0.00           1.00       ...          
12589      2         0.00             0.00           0.50       ...          
12590      8         1.00             1.00           1.00       ...          
12591    114         1.00             1.00           0.07       ...          
12592    265         1.00             1.00           0.05       ...          
12593    122         0.00             0.00           1.00       ...          
12594      9         0.00             0.00           0.89       ...          
12595     11         0.00             0.00           1.00       ...          
12596      2         0.00             0.00           1.00       ...          

       dst_host_count  dst_host_srv_count  dst_host_same_srv_rate  \
0                   7                  54                    1.00   
1                  81                 255                    1.00   
2                 211                 255                    1.00   
3                 255                  15                    0.06   
4                 255                   3                    0.01   
5                 255                   3                    0.01   
6                 255                 255                    1.00   
7                  12                 255                    1.00   
8                 255                 139                    0.55   
9                 255                  69                    0.27   
10                255                   8                    0.03   
11                255                   1                    0.00   
12                 74                 255                    1.00   
13                255                  65                    0.25   
14                255                 105                    0.41   
15                 41                  44                    1.00   
16                 64                   1                    0.02   
17                255                  16                    0.06   
18                255                  23                    0.09   
19                255                   2                    0.01   
20                 18                   6                    0.33   
21                255                  12                    0.05   
22                255                 254                    1.00   
23                254                 160                    0.63   
24                255                 255                    1.00   
25                  2                  50                    1.00   
26                255                  23                    0.09   
27                 16                 255                    1.00   
28                255                   7                    0.03   
29                255                  55                    0.22   
...               ...                 ...                     ...   
12567             255                 255                    1.00   
12568             233                 139                    0.55   
12569              11                 255                    1.00   
12570             255                   1                    0.00   
12571             255                 255                    1.00   
12572             255                  67                    0.26   
12573              37                 255                    1.00   
12574               9                  50                    0.89   
12575             255                 254                    1.00   
12576             255                 164                    0.64   
12577             255                  11                    0.04   
12578             255                  20                    0.08   
12579               3                 243                    1.00   
12580             255                   8                    0.03   
12581               3                 255                    1.00   
12582               2                 255                    1.00   
12583             255                  74                    0.29   
12584             255                   2                    0.01   
12585             255                 255                    1.00   
12586             255                 248                    0.97   
12587             186                 196                    0.78   
12588             198                 255                    1.00   
12589             255                  32                    0.13   
12590              48                   9                    0.17   
12591             255                   3                    0.01   
12592             255                  14                    0.05   
12593             255                 205                    0.80   
12594             216                  54                    0.21   
12595              25                  11                    0.44   
12596              74                  80                    0.46   

       dst_host_diff_srv_rate  dst_host_srv_diff_host_rate  \
0                        0.00                         0.04   
1                        0.00                         0.07   
2                        0.00                         0.02   
3                        0.07                         0.00   
4                        0.06                         0.00   
5                        0.08                         0.00   
6                        0.00                         0.00   
7                        0.00                         0.02   
8                        0.02                         0.00   
9                        0.02                         0.00   
10                       0.07                         0.00   
11                       1.00                         0.00   
12                       0.00                         0.04   
13                       0.02                         0.00   
14                       0.09                         0.00   
15                       0.00                         0.05   
16                       0.30                         0.00   
17                       0.06                         0.00   
18                       0.05                         0.00   
19                       0.05                         0.00   
20                       0.11                         0.00   
21                       0.07                         0.00   
22                       0.01                         0.00   
23                       0.03                         0.00   
24                       0.00                         0.00   
25                       0.00                         0.50   
26                       0.05                         0.00   
27                       0.00                         0.05   
28                       0.05                         0.00   
29                       0.02                         0.00   
...                       ...                          ...   
12567                    0.00                         0.00   
12568                    0.02                         0.01   
12569                    0.00                         0.04   
12570                    1.00                         0.00   
12571                    0.00                         0.00   
12572                    0.02                         0.00   
12573                    0.00                         0.04   
12574                    0.22                         0.04   
12575                    0.01                         0.00   
12576                    0.03                         0.00   
12577                    0.01                         0.00   
12578                    0.07                         0.00   
12579                    0.00                         0.25   
12580                    0.07                         0.00   
12581                    0.00                         0.03   
12582                    0.00                         0.03   
12583                    0.02                         0.00   
12584                    0.74                         0.00   
12585                    0.00                         0.00   
12586                    0.01                         0.00   
12587                    0.02                         0.01   
12588                    0.00                         0.03   
12589                    0.38                         0.00   
12590                    0.06                         0.22   
12591                    0.06                         0.00   
12592                    0.05                         0.00   
12593                    0.01                         0.00   
12594                    0.03                         0.04   
12595                    0.16                         0.00   
12596                    0.08                         0.03   

       dst_host_serror_rate  dst_host_srv_serror_rate  \
0                      0.00                      0.00   
1                      0.00                      0.01   
2                      0.00                      0.00   
3                      0.00                      0.00   
4                      1.00                      1.00   
5                      1.00                      1.00   
6                      0.00                      0.00   
7                      0.00                      0.00   
8                      0.00                      0.00   
9                      1.00                      1.00   
10                     1.00                      1.00   
11                     0.04                      0.00   
12                     0.00                      0.00   
13                     1.00                      1.00   
14                     0.00                      0.00   
15                     0.02                      0.02   
16                     0.09                      0.00   
17                     1.00                      1.00   
18                     1.00                      1.00   
19                     1.00                      1.00   
20                     0.00                      0.00   
21                     0.00                      0.00   
22                     0.00                      0.00   
23                     0.01                      0.00   
24                     0.00                      0.00   
25                     0.00                      0.00   
26                     1.00                      1.00   
27                     0.00                      0.00   
28                     1.00                      1.00   
29                     1.00                      1.00   
...                     ...                       ...   
12567                  0.00                      0.00   
12568                  0.00                      0.00   
12569                  0.00                      0.00   
12570                  0.00                      0.00   
12571                  0.00                      0.00   
12572                  1.00                      1.00   
12573                  0.00                      0.00   
12574                  0.00                      0.00   
12575                  0.00                      0.00   
12576                  0.00                      0.01   
12577                  0.00                      0.00   
12578                  1.00                      1.00   
12579                  0.00                      0.00   
12580                  0.00                      0.00   
12581                  0.00                      0.00   
12582                  0.50                      0.01   
12583                  0.00                      0.00   
12584                  0.00                      0.00   
12585                  0.00                      0.00   
12586                  0.00                      0.00   
12587                  0.00                      0.00   
12588                  0.00                      0.00   
12589                  0.00                      0.00   
12590                  1.00                      0.89   
12591                  1.00                      1.00   
12592                  1.00                      1.00   
12593                  0.00                      0.00   
12594                  0.00                      0.00   
12595                  0.00                      0.00   
12596                  0.00                      0.00   

       dst_host_srv_rerror_rate  classe  posicaoOriginal  
0                          0.00       0          57334.0  
1                          0.00       0         123332.0  
2                          0.00       0         122111.0  
3                          1.00       1          46905.0  
4                          0.00       1          93951.0  
5                          0.00       1          47896.0  
6                          0.00       0          65180.0  
7                          0.00       0          62528.0  
8                          0.06       0         111613.0  
9                          0.00       1          94969.0  
10                         0.00       1          50359.0  
11                         1.00       1          76444.0  
12                         0.00       0          28883.0  
13                         0.00       1          76298.0  
14                         0.00       1         119531.0  
15                         0.00       0         108418.0  
16                         1.00       1          84839.0  
17                         0.00       1          57989.0  
18                         0.00       1         120818.0  
19                         0.00       1         105558.0  
20                         0.00       0          14703.0  
21                         1.00       1          53891.0  
22                         0.00       0          27222.0  
23                         0.00       1          75522.0  
24                         0.00       0          98794.0  
25                         0.00       1          86942.0  
26                         0.00       1          30902.0  
27                         0.00       0          45588.0  
28                         0.00       1          92514.0  
29                         0.00       1          90053.0  
...                         ...     ...              ...  
12567                      0.00       0         125451.0  
12568                      0.00       0          71001.0  
12569                      0.00       0          26133.0  
12570                      1.00       1          16127.0  
12571                      0.00       1          47465.0  
12572                      0.00       1         120587.0  
12573                      0.00       0          24973.0  
12574                      0.00       0          67737.0  
12575                      0.00       0          87905.0  
12576                      0.00       0         116792.0  
12577                      0.00       0          96314.0  
12578                      0.00       1          10856.0  
12579                      0.00       1          50971.0  
12580                      1.00       1          45480.0  
12581                      0.00       0          33611.0  
12582                      0.00       0          83167.0  
12583                      0.00       1          47707.0  
12584                      1.00       1          61557.0  
12585                      0.00       0           9155.0  
12586                      0.00       1           2260.0  
12587                      0.00       0         122315.0  
12588                      0.01       0          65689.0  
12589                      0.00       0          61157.0  
12590                      0.00       1         124555.0  
12591                      0.00       1          88447.0  
12592                      0.00       1          62634.0  
12593                      0.00       0         100847.0  
12594                      0.00       0          51103.0  
12595                      0.00       0         119196.0  
12596                      0.00       0         106070.0  

[113373 rows x 22 columns]
Carregando sub base para teste: sub base 10...
           service  flag  src_bytes  dst_bytes  wrong_fragment  logged_in  \
0             nnsp    S0          0          0               0          0   
1         domain_u    SF         31          0               0          0   
2          netstat    S0          0          0               0          0   
3             http    SF        211        124               0          1   
4          private   REJ          0          0               0          0   
5             http    SF        289       4672               0          1   
6              bgp    S0          0          0               0          0   
7            ecr_i    SF       1032          0               0          0   
8         domain_u    SF         44        131               0          0   
9            imap4    S0          0          0               0          0   
10           other    SF        146        105               0          0   
11           ntp_u    SF         48         48               0          0   
12            smtp    SF       2089        335               0          1   
13            http    SF        227       1255               0          1   
14           other  RSTR          0          0               0          0   
15            http   REJ          0          0               0          0   
16         private    S0          0          0               0          0   
17            http    SF        413       8801               0          1   
18            http    SF        203       3438               0          1   
19             ftp    SF       1062       3081               0          1   
20       hostnames   REJ          0          0               0          0   
21            http    SF        307       1075               0          1   
22            http   REJ          0          0               0          0   
23         private  RSTR          0          0               0          0   
24           eco_i    SF          8          0               0          0   
25            smtp    SF        772        327               0          1   
26            http   REJ          0          0               0          0   
27          supdup    S0          0          0               0          0   
28            http    SF        405      10219               0          1   
29         private  RSTR          1          0               0          0   
...            ...   ...        ...        ...             ...        ...   
12325         http    SF        260       1503               0          1   
12326         smtp    SF        667        332               0          1   
12327  netbios_ssn    S0          0          0               0          0   
12328         http    SF        232       5357               0          1   
12329         http    SF        175        497               0          1   
12330        ecr_i    SF       1032          0               0          0   
12331     ftp_data    SF        567          0               0          1   
12332          mtp    S0          0          0               0          0   
12333         http    SF        232       5745               0          1   
12334       kshell    S0          0          0               0          0   
12335         http   REJ          0          0               0          0   
12336       telnet    S0          0          0               0          0   
12337      private    SF        105        147               0          0   
12338     domain_u    SF         46         72               0          0   
12339         http    SF        294       1718               0          1   
12340         uucp    S0          0          0               0          0   
12341     domain_u    SF         42         84               0          0   
12342         http    SF        311        731               0          1   
12343         http  RSTR      53452       7300               0          1   
12344      private    S0          0          0               0          0   
12345         nnsp    S0          0          0               0          0   
12346         http    SF        224       2602               0          1   
12347      private    SF          1          0               0          0   
12348       Z39_50    S0          0          0               0          0   
12349         http    SF        197       1532               0          1   
12350        eco_i    SF          8          0               0          0   
12351          bgp    S0          0          0               0          0   
12352     ftp_data    S0          0          0               0          0   
12353       supdup    S0          0          0               0          0   
12354         exec  RSTO          0          0               0          0   

       count  serror_rate  srv_serror_rate  same_srv_rate       ...         \
0         66         1.00              1.0           0.05       ...          
1          1         0.00              0.0           1.00       ...          
2        205         1.00              1.0           0.08       ...          
Traceback (most recent call last):
  File "main_hybrid_20attribute.py", line 68, in <module>
3          4         0.00              0.0           1.00       ...          
4        108         0.01              0.0           0.01       ...          
5         23         0.00              0.0           1.00       ...          
6        245         1.00              1.0           0.07       ...          
7        510         0.00              0.0           1.00       ...          
8         78         0.00              0.0           1.00       ...          
9        202         1.00              1.0           0.02       ...          
10         1         0.00              0.0           1.00       ...          
11         1         0.00              0.0           1.00       ...          
12         2         0.00              0.0           0.50       ...          
13         2         0.00              0.0           1.00       ...          
14         1         0.00              0.0           1.00       ...          
15         1         0.00              0.0           1.00       ...          
16        12         1.00              1.0           0.42       ...          
17        17         0.00              0.0           1.00       ...          
18         8         0.00              0.0           1.00       ...          
19         1         0.00              0.0           1.00       ...          
20       269         0.00              0.0           0.06       ...          
21         7         0.00              0.0           1.00       ...          
22         1         0.00              0.0           1.00       ...          
23         1         0.00              0.0           1.00       ...          
24         1         0.00              0.0           1.00       ...          
25         1         0.00              0.0           1.00       ...          
26         1         0.00              0.0           1.00       ...          
27       287         1.00              1.0           0.05       ...          
28         2         0.00              0.0           1.00       ...          
29         2         0.00              0.0           1.00       ...          
...      ...          ...              ...            ...       ...          
12325      2         0.00              0.0           1.00       ...          
12326      2         0.00              0.0           0.50       ...          
12327    129         1.00              1.0           0.12       ...          
12328      1         0.00              0.0           1.00       ...          
12329      2         0.00              0.0           1.00       ...          
12330     45         0.00              0.0           1.00       ...          
12331      1         0.00              0.0           1.00       ...          
12332    254         1.00              1.0           0.02       ...          
12333      8         0.00              0.0           1.00       ...          
12334    148         1.00              1.0           0.03       ...          
12335      1         0.00              0.0           1.00       ...          
12336     16         1.00              1.0           0.19       ...          
12337      8         0.00              0.0           0.12       ...          
12338     37         0.00              0.0           1.00       ...          
12339      7         0.00              0.0           1.00       ...          
12340    125         1.00              1.0           0.16       ...          
12341    204         0.00              0.0           1.00       ...          
12342      5         0.00              0.0           1.00       ...          
12343      5         0.00              0.0           1.00       ...          
12344     81         1.00              1.0           0.11       ...          
12345    105         1.00              1.0           0.19       ...          
12346      5         0.00              0.0           1.00       ...          
12347     27         0.00              0.0           0.04       ...          
12348     30         1.00              1.0           0.30       ...          
12349      7         0.00              0.0           1.00       ...          
12350      1         0.00              0.0           1.00       ...          
12351    234         1.00              1.0           0.07       ...          
12352     52         1.00              1.0           0.19       ...          
12353    255         1.00              1.0           0.01       ...          
12354    132         0.00              0.0           0.12       ...          

       dst_host_count  dst_host_srv_count  dst_host_same_srv_rate  \
0                 255                   3                    0.01   
1                 191                  18                    0.07   
2                 255                  16                    0.06   
3                  16                 255                    1.00   
4                 233                   1                    0.00   
5                  23                 255                    1.00   
6                 255                   4                    0.02   
7                 255                  42                    0.16   
8                 192                 161                    0.84   
9                 255                  11                    0.04   
10                255                   1                    0.00   
11                 24                  24                    1.00   
12                255                 152                    0.60   
13                  3                 255                    1.00   
14                255                   1                    0.00   
15                  8                  55                    1.00   
16                255                   5                    0.02   
17                255                 255                    1.00   
18                  8                 147                    1.00   
19                210                  42                    0.20   
20                255                  17                    0.07   
21                 76                  66                    0.87   
22                  5                 255                    1.00   
23                255                   1                    0.00   
24                  2                  86                    1.00   
25                 87                 132                    0.43   
26                 55                 255                    1.00   
27                255                  15                    0.06   
28                 70                 245                    1.00   
29                255                   2                    0.01   
...               ...                 ...                     ...   
12325             255                 255                    1.00   
12326              91                 155                    0.41   
12327             255                  16                    0.06   
12328             255                 252                    0.99   
12329              18                 255                    1.00   
12330             238                 144                    0.61   
12331             150                  57                    0.38   
12332             255                  15                    0.06   
12333              71                 255                    1.00   
12334             255                   5                    0.02   
12335               1                 255                    1.00   
12336              43                   4                    0.07   
12337             255                 250                    0.98   
12338             255                 166                    0.65   
12339              63                 255                    1.00   
12340             255                  20                    0.08   
12341             255                 232                    0.91   
12342               5                 255                    1.00   
12343             148                 148                    1.00   
12344             255                  13                    0.05   
12345             255                  20                    0.08   
12346               5                 255                    1.00   
12347             255                   1                    0.00   
12348             255                  15                    0.06   
12349               7                 255                    1.00   
12350               2                  78                    1.00   
12351             255                  12                    0.05   
12352             255                  53                    0.21   
12353             255                  18                    0.07   
12354             255                  16                    0.06   

       dst_host_diff_srv_rate  dst_host_srv_diff_host_rate  \
0                        0.07                         0.00   
1                        0.03                         0.11   
2                        0.07                         0.00   
3                        0.00                         0.02   
4                        0.49                         0.00   
5                        0.00                         0.02   
6                        0.08                         0.00   
7                        0.18                         0.00   
8                        0.01                         0.00   
9                        0.08                         0.00   
10                       0.71                         0.00   
11                       0.00                         0.00   
12                       0.03                         0.00   
13                       0.00                         0.07   
14                       1.00                         0.00   
15                       0.00                         0.31   
16                       0.07                         0.00   
17                       0.00                         0.00   
18                       0.00                         0.05   
19                       0.02                         0.00   
20                       0.07                         0.00   
21                       0.04                         0.00   
22                       0.00                         0.12   
23                       0.36                         0.00   
24                       0.00                         0.50   
25                       0.03                         0.02   
26                       0.00                         0.11   
27                       0.07                         0.00   
28                       0.00                         0.19   
29                       0.50                         0.00   
...                       ...                          ...   
12325                    0.00                         0.00   
12326                    0.08                         0.01   
12327                    0.05                         0.00   
12328                    0.01                         0.00   
12329                    0.00                         0.01   
12330                    0.03                         0.00   
12331                    0.03                         0.00   
12332                    0.07                         0.00   
12333                    0.00                         0.02   
12334                    0.07                         0.00   
12335                    0.00                         0.05   
12336                    0.07                         0.50   
12337                    0.01                         0.00   
12338                    0.01                         0.00   
12339                    0.00                         0.03   
12340                    0.06                         0.00   
12341                    0.01                         0.00   
12342                    0.00                         0.05   
12343                    0.00                         0.00   
12344                    0.06                         0.00   
12345                    0.07                         0.00   
12346                    0.00                         0.04   
12347                    0.47                         0.00   
12348                    0.09                         0.00   
12349                    0.00                         0.04   
12350                    0.00                         0.50   
12351                    0.08                         0.00   
12352                    0.04                         0.00   
12353                    0.07                         0.00   
12354                    0.07                         0.00   

       dst_host_serror_rate  dst_host_srv_serror_rate  \
0                      1.00                      1.00   
1                      0.01                      0.00   
2                      1.00                      1.00   
3                      0.00                      0.00   
4                      0.00                      0.00   
5                      0.00                      0.00   
6                      1.00                      1.00   
7                      0.00                      0.00   
8                      0.00                      0.00   
9                      1.00                      1.00   
10                     0.00                      0.00   
11                     0.00                      0.00   
12                     0.01                      0.02   
13                     0.00                      0.00   
14                     0.00                      0.00   
15                     0.00                      0.00   
16                     1.00                      1.00   
17                     0.00                      0.00   
18                     0.00                      0.00   
19                     0.00                      0.00   
20                     0.00                      0.00   
21                     0.01                      0.00   
22                     0.00                      0.00   
23                     0.00                      0.00   
24                     0.00                      0.00   
25                     0.00                      0.00   
26                     0.00                      0.00   
27                     1.00                      1.00   
28                     0.00                      0.00   
29                     0.00                      0.00   
...                     ...                       ...   
12325                  0.00                      0.00   
12326                  0.00                      0.00   
12327                  1.00                      1.00   
12328                  0.00                      0.00   
12329                  0.06                      0.00   
12330                  0.01                      0.00   
12331                  0.00                      0.00   
12332                  1.00                      1.00   
12333                  0.00                      0.00   
12334                  1.00                      1.00   
12335                  0.00                      0.00   
12336                  1.00                      0.75   
12337                  0.00                      0.00   
12338                  0.00                      0.00   
12339                  0.02                      0.00   
12340                  1.00                      1.00   
12341                  0.00                      0.00   
12342                  0.00                      0.00   
12343                  0.00                      0.00   
12344                  1.00                      1.00   
12345                  1.00                      1.00   
12346                  0.00                      0.00   
12347                  0.03                      0.00   
12348                  1.00                      1.00   
12349                  0.00                      0.00   
12350                  0.00                      0.00   
12351                  1.00                      1.00   
12352                  1.00                      1.00   
12353                  1.00                      1.00   
12354                   NaN                       NaN   

       dst_host_srv_rerror_rate  classe  posicaoOriginal  
0                          0.00     1.0          52923.0  
1                          0.00     0.0          31760.0  
2                          0.00     1.0          59318.0  
3                          0.00     0.0          78960.0  
4                          1.00     1.0          86867.0  
5                          0.00     0.0         114984.0  
6                          0.00     1.0          28061.0  
7                          0.00     1.0         112778.0  
8                          0.00     0.0          49514.0  
9                          0.00     1.0           1612.0  
10                         0.00     0.0          45525.0  
11                         0.00     0.0         120634.0  
12                         0.01     0.0            111.0  
13                         0.00     0.0          73089.0  
14                         1.00     1.0          52848.0  
15                         1.00     0.0          16482.0  
16                         0.00     1.0          11580.0  
17                         0.00     0.0          13352.0  
18                         0.00     0.0          51406.0  
19                         0.00     0.0          93130.0  
20                         1.00     1.0          47150.0  
21                         0.00     0.0          27356.0  
22                         0.97     0.0          60968.0  
23                         1.00     1.0          47103.0  
24                         0.00     1.0          61196.0  
25                         0.00     0.0          34824.0  
26                         0.91     0.0          80730.0  
27                         0.00     1.0          40544.0  
28                         0.76     0.0         102103.0  
29                         1.00     1.0           6354.0  
...                         ...     ...              ...  
12325                      0.00     0.0          85447.0  
12326                      0.00     0.0          84400.0  
12327                      0.00     1.0          31200.0  
12328                      0.00     0.0          79849.0  
12329                      0.00     0.0          23135.0  
12330                      0.00     1.0          43073.0  
12331                      0.00     0.0          18449.0  
12332                      0.00     1.0          80703.0  
12333                      0.00     0.0            938.0  
12334                      0.00     1.0         125309.0  
12335                      1.00     0.0           9014.0  
12336                      0.00     1.0          62444.0  
12337                      0.00     0.0           7798.0  
12338                      0.00     0.0          10998.0  
12339                      0.00     0.0          23155.0  
12340                      0.00     1.0          87141.0  
12341                      0.00     0.0          45450.0  
12342                      0.00     0.0         112855.0  
12343                      0.06     1.0          30842.0  
12344                      0.00     1.0          74738.0  
12345                      0.00     1.0           4238.0  
12346                      0.00     0.0           5384.0  
12347                      0.00     1.0          89936.0  
12348                      0.00     1.0          31084.0  
12349                      0.00     0.0          44545.0  
12350                      0.00     1.0          85293.0  
12351                      0.00     1.0          21876.0  
12352                      0.00     1.0          14450.0  
12353                      0.00     1.0          45569.0  
12354                       NaN     NaN              NaN  

[12355 rows x 22 columns]
    cross.run()
  File "/home/wzalewski/lapsec/Classificador/rna/../cross_validation.py", line 37, in run
    self.foldExecution()
  File "/home/wzalewski/lapsec/Classificador/rna/../cross_validation.py", line 52, in foldExecution
    self.training_sub_data_set, self.teste_sub_data_set = self.preprocessor.transformCategory()
  File "/home/wzalewski/lapsec/Classificador/rna/../preprocessor.py", line 17, in transformCategory
    le.fit(self.data_set[col])
  File "/home/wzalewski/anaconda3/envs/py27tensorflow/lib/python2.7/site-packages/pandas/core/frame.py", line 1964, in __getitem__
    return self._getitem_column(key)
  File "/home/wzalewski/anaconda3/envs/py27tensorflow/lib/python2.7/site-packages/pandas/core/frame.py", line 1971, in _getitem_column
    return self._get_item_cache(key)
  File "/home/wzalewski/anaconda3/envs/py27tensorflow/lib/python2.7/site-packages/pandas/core/generic.py", line 1645, in _get_item_cache
    values = self._data.get(item)
  File "/home/wzalewski/anaconda3/envs/py27tensorflow/lib/python2.7/site-packages/pandas/core/internals.py", line 3590, in get
    loc = self.items.get_loc(item)
  File "/home/wzalewski/anaconda3/envs/py27tensorflow/lib/python2.7/site-packages/pandas/core/indexes/base.py", line 2444, in get_loc
    return self._engine.get_loc(self._maybe_cast_indexer(key))
  File "pandas/_libs/index.pyx", line 132, in pandas._libs.index.IndexEngine.get_loc
  File "pandas/_libs/index.pyx", line 154, in pandas._libs.index.IndexEngine.get_loc
  File "pandas/_libs/hashtable_class_helper.pxi", line 1210, in pandas._libs.hashtable.PyObjectHashTable.get_item
  File "pandas/_libs/hashtable_class_helper.pxi", line 1218, in pandas._libs.hashtable.PyObjectHashTable.get_item
KeyError: 'protocol_type'
srun: error: node5-ib: task 0: Exited with exit code 1
