epoch,acc,loss
0,0.59780729607677108,0.37115358339710414
1,0.58583827265029631,0.25322029677769992
2,0.55858382726502964,0.24820882224839444
3,0.5714877928309342,0.14656964001035211
4,0.63982677109793962,0.21876927181886999
5,0.58386254586508612,0.25232125700902425
6,0.58419771380186281,0.28833395846784454
7,0.65185753598645213,0.192162330075484
8,0.7511642675698561,0.11295217074882757
9,0.68479219587919837,0.11683208403343688
10,0.74022720858029922,0.13354895415222282
11,0.85861205193338974,0.11543621271392283
12,0.8674234405870731,0.097720434544042181
13,0.83480630821337853,0.12103794927458526
14,0.80882197290431834,0.089195227414663861
15,0.65007585379621791,0.10709852936556866
16,0.6118226079593565,0.15003078703039782
17,0.67360817104149029,0.11574542116193355
18,0.7650384561106407,0.10990117091810624
19,0.87766370307648889,0.086298314953856564
20,0.89686529777025115,0.11920854105599291
21,0.91813964154671179,0.091511682487573492
22,0.89416631385831213,0.14989368301553127
23,0.89802956534010725,0.093300541012184726
24,0.85174110922946655,0.13220724955285529
25,0.71111169912503525,0.13291785292808492
26,0.60990862263618406,0.12951745392358968
27,0.73595822749082696,0.12163650151940987
28,0.68764994355066333,0.12155388798207015
29,0.62806943268416593,0.13920806789808518
30,0.70383502681343491,0.14850036615417286
31,0.69879868755292129,0.14547775732767337
32,0.67100620942703926,0.13419793543982203
33,0.63413773638159754,0.16215807742833027
34,0.61550945526390066,0.11009174974164201
35,0.56982959356477558,0.1108732407021031
36,0.56699830651989835,0.11010630241265715
37,0.60410492520462888,0.16295678476556522
38,0.72268381315269548,0.17691085542255763
39,0.75889959074230873,0.10988281181861657
40,0.63516970081851543,0.11695934695413036
41,0.73048087778718596,0.13010351416970845
42,0.88189740333051092,0.10196685983186952
43,0.81747459779847587,0.08611641986369109
44,0.77796888230313299,0.085576872575820681
45,0.7853337567033587,0.090397551706559345
46,0.7349615438893593,0.086624724438297968
47,0.60590424781258823,0.12534886529591016
48,0.65313646627152133,0.11740677382917053
49,0.59770145357042059,0.13115597831080084
50,0.60164408693197857,0.15677421599595315
51,0.78538667795653405,0.13406823406362284
52,0.93461579170194753,0.13120406003379559
53,0.9299146203782106,0.18191546816822843
54,0.84666066892464009,0.17367298099910772
55,0.65127540220152413,0.19074080097578966
56,0.77934483488569006,0.13954498953516123
57,0.6415643522438611,0.22322035692345452
58,0.7003334038950042,0.16330816679427856
59,0.85368155517922661,0.11943017272848135
60,0.90248377081569287,0.19091384093539371
61,0.9414690939881456,0.094396968388887711
62,0.74222939599209714,0.1426028160436065
63,0.58552956534010725,0.20353954535078769
64,0.64509243578887943,0.18848994238430841
65,0.594799604854643,0.17304150490355599
66,0.56138865368331925,0.23345429366325227
67,0.52743084956251762,0.22231343016439745
68,0.53517499294383286,0.14857461961336144
69,0.52621366073948628,0.12202394222758275
70,0.53223786339260515,0.10517146586496288
71,0.50815869319785489,0.10556813715478285
72,0.53449583686141688,0.10373691110137032
73,0.5418607112616427,0.14009050707345039
74,0.57808530906011857,0.14015337328970659
75,0.65220152413209143,0.14504882232059482
76,0.58455052215636472,0.11741731739382384
77,0.5810312588202089,0.11969752600619829
78,0.56349668360146765,0.1183559907541846
79,0.56858594411515662,0.11242421133495165
80,0.54014959074230873,0.1260345608571373
81,0.54085520745131244,0.12655182025879219
82,0.58440939881456389,0.12690344244656715
83,0.54476255997742029,0.13224939475453593
84,0.65837567033587352,0.13644917269603724
85,0.78765347163420829,0.19265309217364118
86,0.67262030764888514,0.24500601238144901
87,0.63408481512842219,0.2248011740186773
88,0.7045230031047135,0.14094360204919085
89,0.52562270674569578,0.2259268410495785
90,0.50858206322325716,0.22094248560781604
91,0.53041208015805819,0.23108711114791464
92,0.78426651143099069,0.18179638170987134
93,0.60601891052780132,0.23460856740680613
94,0.49187658763759523,0.23863164189349365
95,0.51914867344058713,0.18247597848423089
96,0.58821972904318376,0.14317778705393139
97,0.56696302568444823,0.13686147787562244
98,0.78913526672311596,0.11277308702013608
99,0.77341765453005928,0.11642968926686949
100,0.80076030200395143,0.1233422388841682
101,0.78831498729889926,0.11715471450445221
102,0.66330616709003665,0.1169265099588689
103,0.724227349703641,0.12258559817366962
104,0.61845540502399099,0.12684627114032856
105,0.71233770815692921,0.12105699709481786
106,0.67091800733841378,0.11077205127791637
107,0.68046147332768836,0.10963265133517744
108,0.6838837143663562,0.1866695902090571
109,0.74539585097375105,0.11305410712702826
110,0.78954099633079311,0.11672853192595159
111,0.72253386960203214,0.21475976629531202
112,0.5699618966977138,0.18697827504552891
113,0.52369108100479822,0.11902840975733317
114,0.51430637877504937,0.1666894384376047
115,0.48047205757832345,0.21188952873026884
116,0.55920124188540787,0.21757970920311703
117,0.57582733559130683,0.21121176885449133
118,0.55206569291560825,0.20825700565984365
119,0.53679791137454136,0.17447779135273239
120,0.51215424781258823,0.1198759675518717
121,0.50817633361558001,0.16161700891179459
122,0.49633961332204346,0.21455468364806915
123,0.48214789726220719,0.22025228716856288
124,0.59482606548123063,0.22487658088600851
125,0.65086967259384698,0.21805593100474388
126,0.55013406717471069,0.21869444788748885
127,0.47137842224103865,0.22926062071005063
128,0.48906294101044312,0.23342281078164903
129,0.49902977702511997,0.21924586768645296
130,0.52022473892181764,0.21916023840610899
131,0.46217894439740331,0.22066824828736864
132,0.47368049675416313,0.23386859366178259
133,0.46627152130962463,0.22841108169641294
134,0.55330934236522722,0.22947717981988716
135,0.50208156929156078,0.22828166349464005
136,0.49006844482077333,0.25609543091881748
137,0.48781047135196159,0.21916702299592061
138,0.48470575783234549,0.22640997997154511
139,0.49710697149308497,0.22954168798126942
140,0.48307401919277448,0.22739358892206046
141,0.49199125035280833,0.22423822803412083
142,0.48572008185153825,0.23213376354591134
143,0.48002222692633362,0.22421053423272516
144,0.48440587073101893,0.22907231831345706
145,0.50582133784928029,0.2143853211172374
146,0.49922382162009599,0.21200916897043404
147,0.50418959920970929,0.28163320263678582
148,0.51794030482641829,0.23260203381836553
149,0.51031082416031615,0.22709414582250065
150,0.50041454981653966,0.23652503683870008
151,0.49379057296076773,0.22463844845836453
152,0.48473221845893311,0.23339940905582063
153,0.48073666384419983,0.22767932111818523
154,0.48666384419983066,0.2335713068058505
155,0.4893892887383573,0.23563720883378086
156,0.47517993226079591,0.23499591446496315
157,0.47824054473609934,0.22618883972486609
158,0.46742696867061811,0.22063986511314623
159,0.48472339825007055,0.22357258213030387
160,0.48512912785774764,0.23202172758222148
161,0.52544630256844482,0.22428646581866851
162,0.51238357324301442,0.22563894574377186
163,0.51388300874964721,0.21455938221626369
164,0.50603302286198137,0.23364543032362911
165,0.50697678521027378,0.23007278342946202
166,0.4980242732147897,0.22503719431437022
167,0.51135160880609654,0.22425090898094635
168,0.57243155517922661,0.22331461786763554
169,0.47950183460344342,0.21347110513240999
170,0.52696337849280273,0.2122897417580949
171,0.53084427039232285,0.21667047444330181
172,0.5072325712672876,0.22011322628561802
173,0.49591624329664125,0.21947120703779147
174,0.50784116567880322,0.21115625440274197
175,0.4817509878633926,0.23417511083150788
176,0.49902095681625741,0.2361719412439949
177,0.51201312447078751,0.22112003038378211
178,0.52499647191645493,0.21947839963540056
179,0.53866779565340106,0.24864716092136796
180,0.51741109229466553,0.25138571366872109
181,0.49074760090318936,0.22417253344849147
182,0.48714895568727068,0.22258090019118945
183,0.55674922382162007,0.22339586680197823
184,0.53211438046852955,0.23339059969224576
185,0.57910845328817384,0.27718241531797644
186,0.50657987581145925,0.22382008100618395
187,0.48870131244707876,0.24193230784900091
188,0.51250705616709002,0.22526784496499508
189,0.52151248941574935,0.21676992640970852
190,0.64841765453005928,0.14322005100336602
191,0.66852773073666383,0.11090230875443163
192,0.60608947219870168,0.13416419735800203
193,0.55763124470787473,0.11897269349174526
194,0.54291913632514821,0.15510198083465365
195,0.53018275472763199,0.22130257940940418
196,0.52647826700536271,0.23309489529496108
197,0.54060824160316112,0.2264792307343875
198,0.55309765735252614,0.22243302160032519
199,0.52421147332768836,0.22573915227147331
200,0.56586049957662998,0.22124090344905231
201,0.51792266440869317,0.21876847221492368
202,0.51733171041490267,0.21372254408256289
203,0.49608382726502964,0.21771451056882088
204,0.4963307931131809,0.25852873014418304
205,0.50927885972339826,0.20767544210296726
206,0.61443338978267004,0.13005491640621586
207,0.66207133784928029,0.13140160101042478
208,0.59143910527801302,0.14376034145702707
209,0.61606512842224104,0.11947504120638154
210,0.58667619249223824,0.12253763967886364
211,0.57867626305390907,0.11558798758303002
212,0.56575465707027939,0.16262987503892831
213,0.5499047417442845,0.12570984842376617
214,0.56666313858312167,0.11923070727810256
215,0.56001270110076207,0.21677229675670157
216,0.57141723116003384,0.20781184527347607
217,0.55426192492238213,0.15744000078778353
218,0.5676333615580017,0.18980413325719309
219,0.56685718317809763,0.20321703411736536
220,0.55970399379057301,0.19046607397876472
221,0.56429932260795934,0.11978751532945671
222,0.53391370307648889,0.12044149582620468
223,0.53326982782952304,0.20770008192300057
224,0.54754974597798478,0.1571736072672576
225,0.52855983629692349,0.13193331202546457
226,0.47291313858312167,0.24869339419856898
227,0.47826700536268701,0.23161801889106207
228,0.51788738357324304,0.151861546611646
229,0.51349491955969517,0.12874853410122145
230,0.48804861699125035,0.16279430977848688
231,0.46429579452441433,0.26001986136107608
232,0.48546429579452444,0.2119432636747777
233,0.49577511995484053,0.16251816445235978
234,0.49252928309342364,0.20323612962434595
235,0.46861769686706184,0.28797948036250587
236,0.46418995201806379,0.36247528211872443
237,0.51623800451594692,0.31404482177972237
238,0.55181872706745694,0.19722229291460389
239,0.50976397121083827,0.15039455915483926
240,0.50236381597516233,0.15783897171846845
241,0.52721034434095404,0.13547851651918516
242,0.51393593000282245,0.19606083243972547
243,0.51064599209709283,0.24062855209705095
244,0.50831745695738073,0.23772957220085369
245,0.46695949760090316,0.31817623012359947
246,0.46378422241038669,0.25061810556169289
247,0.4888600762066046,0.2326583584140143
248,0.55175698560541908,0.14773605799317369
249,0.49745977984758677,0.12284280348453429
250,0.49256456392887382,0.16962150631289541
251,0.50896133220434658,0.20557357291930858
252,0.48387665819926617,0.22057699943784723
253,0.4801721704769969,0.24120654507397921
