epoch,acc,loss
0,0.68033517089673412,0.23644733962577655
1,0.64133186328187664,0.20052532404217593
2,0.58477618522207686,0.14642038108357522
3,0.54142447629232526,0.19367363572567536
4,0.58513781697116585,0.20847696923422643
5,0.61577067255053786,0.16643431385696067
6,0.54727232635323508,0.25299089731875285
7,0.60231091510132362,0.2442199248521863
8,0.53776405732844601,0.28384009907910518
9,0.53366262403212672,0.24604380365331321
10,0.52677398014909771,0.24799256349147977
11,0.52783241454953,0.2369205651208286
12,0.67253803748989838,0.25006733514749691
13,0.52927012127473572,0.23595112117508871
14,0.53719955897883254,0.24379587136922032
15,0.89245424476400625,0.12737494596546514
16,0.95075633958103634,0.092527947259818374
17,0.92568026460912556,0.13450514829378932
18,0.95313781697905187,0.093647262214990021
19,0.95322601983828481,0.11220656285480962
20,0.9281940463091336,0.13742007929306013
21,0.77548842336797663,0.13388129822359868
22,0.620189636157918,0.203030737490768
23,0.62928335170419902,0.22924370734554192
24,0.62549062843964143,0.22860166398905907
25,0.82911576625504335,0.18921702916061356
26,0.93606174200819237,0.2278101512576477
27,0.88354575523809664,0.22839092698246405
28,0.73540904079382585,0.2326749395904231
29,0.84906725468682875,0.233411720353038
30,0.93462403528167237,0.17990030005552046
31,0.95342006614478969,0.22710023379393227
32,0.94643439911902283,0.19048574665563373
33,0.93197794928335176,0.13218211976978045
34,0.94732524806425356,0.15394679604975925
35,0.93541786107259917,0.16496860563759141
36,0.93804630650548715,0.13174863577172438
37,0.9136405733191586,0.086679690975108512
38,0.86583461962829222,0.12789767002828559
39,0.75513120175669712,0.11870066392055355
40,0.80620948181026164,0.091241821681552843
41,0.73247188533233043,0.15614695206940454
42,0.64927012128051875,0.21034041899710879
43,0.71313781697274303,0.22887926648260642
44,0.7460727673575791,0.22664621572839683
45,0.84601543549692226,0.13338622424797522
46,0.69700551267495625,0.14801598274218208
47,0.70803969128418387,0.12529009356419529
48,0.81024035280410611,0.12263439873451533
49,0.74682249173203274,0.12300906212400345
50,0.62586108048090994,0.11770349518639316
51,0.60105843440227236,0.1227247470913246
52,0.63943550165643237,0.1244753992268908
53,0.78083351708352233,0.14293038123167739
54,0.77063726570377544,0.13860807404561171
55,0.6804145534682563,0.14367622958915566
56,0.64237265710557312,0.14762993943916461
57,0.53852260197878143,0.23258086741386164
58,0.52364277838609186,0.19684431612353809
59,0.57821389194360251,0.12728894207164104
60,0.6830782800377927,0.12867782330222924
61,0.57161631753294839,0.15652297983325936
62,0.58135391400588521,0.16901379777012698
63,0.59813009922980209,0.13110406069584857
64,0.8165468577739291,0.10063059412316309
65,0.85939581035647661,0.086661089851434697
66,0.86692833516353285,0.087106403046564834
67,0.83825358323514654,0.084408874180075505
68,0.84511576625609475,0.08864763247495458
69,0.75787431090879598,0.16605711075177676
70,0.69891069459915156,0.2487746173585339
71,0.6977905181855325,0.24658301159970425
72,0.63312017640678464,0.25441147795608299
73,0.57250716647607625,0.24671660262305553
74,0.53994266813934311,0.26361638215197819
75,0.64604189635584874,0.25698665062342246
76,0.59604851157268324,0.15146753408030997
77,0.47374641675381307,0.24723883373648761
78,0.47626901873995475,0.31522588534628387
79,0.50600220506929905,0.28511952730171963
80,0.67699228224628161,0.3302432359396793
81,0.56040573317949405,0.31598840742331236
82,0.57875192943402665,0.31756698947165024
83,0.50160088203182029,0.30547693157703959
84,0.48686218301621659,0.30307423654015464
85,0.47418743108730466,0.32541094459501396
86,0.46552590958864448,0.30171605720607175
87,0.46941565600461443,0.30481357564244937
88,0.6013495038615041,0.30108441504503908
89,0.48700330761065164,0.30143279924854105
90,0.47661300992045669,0.29383329017463222
91,0.48827342888249581,0.2698050985890158
92,0.57022271223394194,0.25838735517744865
93,0.66611686879087573,0.25752417296132579
94,0.6979316427749731,0.20183521864001147
95,0.54735170892580864,0.22614204468454061
96,0.51620727673307665,0.22730896698659267
97,0.57721719956003714,0.23539246686573792
98,0.71931201763584174,0.22499750118073417
99,0.62050716647817916,0.23482180388488055
100,0.58579051819499561,0.23021786617151693
101,0.54870121278520978,0.22004780337444887
102,0.56302535831941392,0.22298130211297346
103,0.59738037485850293,0.22202349997932644
104,0.62751047409251082,0.23360138696289798
105,0.60117309812095754,0.2256237022433196
106,0.58321499448311498,0.22348361241887504
107,0.6530275633918674,0.22544026507813558
108,0.51564277838740613,0.22337767854380569
109,0.57392723262927758,0.24187204426501763
110,0.73103417860397035,0.23958705237784855
111,0.69786108048090989,0.21943980023906851
112,0.51725689084579818,0.23333780033841869
113,0.53257772877145371,0.22805737204509433
114,0.526288864391247,0.23501918651405959
115,0.55116207277051932,0.22547421799222461
116,0.55022712237911164,0.22589653485815031
117,0.51390518192104095,0.23922363413807801
118,0.52052039691000818,0.24728989047519329
119,0.53328335171050778,0.22575121390760405
120,0.60859977948757626,0.24311904695236827
121,0.54823373759174032,0.2510381695929701
122,0.55727453142595129,0.24237494460847989
123,0.502271223810831,0.24670521700659473
124,0.49438588753713925,0.25097508805416435
125,0.54395589857038351,0.24109090092981414
126,0.75147960309025474,0.23537212180831113
127,0.6685159867721987,0.24935093836819233
128,0.64875854464902105,0.24674779889509368
129,0.64917309812095747,0.17125319236918232
130,0.55600441013964952,0.13977372251801776
131,0.6182932745256392,0.22883755322947816
132,0.55656890849268026,0.23255292887567316
133,0.54599338478815984,0.24152050580159384
134,0.50609922822754594,0.2287610441127868
135,0.52331642778022291,0.21993434136327511
136,0.53886659316086061,0.22639655973143821
137,0.49644983462277953,0.24472252633811573
138,0.5216141124552377,0.24958102008809521
139,0.50143329657845881,0.25145395251579555
140,0.50556119073501893,0.24887401337141032
141,0.52484233737175889,0.25034110593737297
142,0.55717750826428714,0.25182560676272114
143,0.53776405732844601,0.21984621872604865
144,0.51862403527746648,0.22259080396021438
145,0.53734068357589626,0.22997864778403732
146,0.64236383682679976,0.23111576481724863
147,0.74293274531632558,0.21957989193400515
148,0.74603748621251909,0.23120908786533062
149,0.73654685777445483,0.21594687467681187
150,0.7062138919535913,0.24114337825175741
151,0.71187651597993507,0.2476988251431031
152,0.61804630650101844,0.24678487801897445
153,0.61124586548694837,0.22888911508866241
154,0.56037045203601121,0.21883284652648521
155,0.64221389194623113,0.23018906829097049
156,0.6622535832446097,0.21602868480343565
157,0.62791620727305641,0.22485101392827342
158,0.51273208378799173,0.2636221636574122
159,0.52074972436078459,0.26811759893174048
160,0.54736052921299372,0.25187534424715985
161,0.50149503858481115,0.25466979160958175
162,0.51417861080011962,0.28555745086073103
163,0.55479603086522022,0.25062467974907665
164,0.57934288864756101,0.23046958376852028
165,0.59814773979760061,0.24386359520395551
166,0.563563395806158,0.24725655635382365
167,0.50650496141440027,0.2475751969098168
168,0.49596471884915688,0.24953972990919407
169,0.49171334068041783,0.23642397154176395
170,0.48829988974221089,0.22034377462233395
171,0.52220507166798347,0.22731603395397945
172,0.52269018742688567,0.21577637735685865
173,0.50875413450516571,0.21100538513017458
174,0.50701653803380609,0.21178803531989782
175,0.50507607496770501,0.23220627401571808
176,0.50722822492098996,0.21968561464245456
177,0.68904961410772714,0.13505021292977076
178,0.63304961410877858,0.18821456840844536
179,0.57114884234053032,0.26466765160375616
180,0.5622668136682899,0.27602873829201319
181,0.49474751929017124,0.27255671440101359
182,0.51705402425946845,0.26244830314222595
183,0.53803748622145653,0.2409779082375138
184,0.56086438808788142,0.22483917115747676
185,0.56603307606971509,0.22684926847302775
186,0.70148621830524915,0.18391893970904113
187,0.70220066152465388,0.1262132419468332
188,0.54540242557515117,0.20115989801799877
189,0.54037486217881514,0.22299250592816161
190,0.57890187430565776,0.22845276797868727
191,0.58232414553630707,0.21503392283801531
192,0.75852701212947138,0.15442716781015262
193,0.76028224917467535,0.13753570581791674
194,0.75728335170367322,0.23086853092896434
195,0.74448511576047938,0.24728831360097811
196,0.55626019845276975,0.25133522666272395
197,0.66244762954270298,0.24992227701666173
198,0.75419625138027269,0.25432672849344962
199,0.76150826901296009,0.24885758648001174
200,0.72672987871790407,0.24917436375938429
201,0.51201764056858701,0.24857396887235195
202,0.53730540242242442,0.25317276073963652
203,0.49601764057016423,0.25573334887640625
204,0.49181036383288174,0.25125600575779222
205,0.52328996691919349,0.24953052078804427
206,0.51147960308368312,0.25893284268085121
207,0.52018522601511408,0.25497328616904974
208,0.55056229327821149,0.25680895084670929
209,0.58046306505329426,0.2415221022643958
210,0.56211686880086464,0.24297367595807781
211,0.5679999999957942,0.23752600654998518
212,0.55310253583504321,0.25201453668431584
213,0.53059316427468461,0.23762528179751868
214,0.6174641675886009,0.23184373646687362
215,0.51519294376699243,0.26733804626022456
216,0.53063726570719261,0.28284260886984641
217,0.55910033075733245,0.25341038564854951
218,0.55287320837138643,0.2506371751921313
219,0.62653142227437819,0.24599530873961681
220,0.66710474090723382,0.24169165180033358
221,0.55638368247283465,0.24406654340869932
222,0.54436163175618635,0.24494442390834209
223,0.53441234839790575,0.24573439567387279
224,0.54153031973907151,0.25402425576688498
225,0.55313781698220621,0.24219452002571223
226,0.52492171995800152,0.27919561964841588
227,0.54325909592377175,0.25086332589723664
228,0.58895700109833005,0.27659376921339573
229,0.56569790517666108,0.26576979915455573
230,0.57872546858088314,0.25730629858255277
231,0.58482910693966694,0.24198663501312923
232,0.58633737596103874,0.2437988626100703
233,0.57397133407098588,0.24623553051966857
234,0.54307386989604023,0.25023085885456336
235,0.5404630650456711,0.25915311604117935
236,0.58134509370976273,0.23776848624470462
237,0.56032635060113745,0.23772345709284437
238,0.56532745314590727,0.24143525488121598
239,0.57450937155036963,0.24296399211044353
240,0.59566923924554405,0.27475917296123287
241,0.62564057331284983,0.24660143259700795
242,0.61771113560559865,0.24588401859622888
243,0.63552811465899495,0.25052813165583043
244,0.6706769570037312,0.25044676876844185
245,0.68545975744474552,0.13968755619170692
246,0.71668357221977719,0.1377489505074066
247,0.70960970230954223,0.13260405578710294
248,0.61280705622591025,0.18268641249768544
249,0.60642116869061102,0.13637364469809085
250,0.62921278941933612,0.12985890102652009
251,0.66464388092823301,0.13573146460219332
252,0.66068357221872565,0.14020352247265211
253,0.63071223815089417,0.13114807960284461
254,0.58329437706883192,0.18097589463954986
255,0.62761631753189695,0.2584213405172292
256,0.87850937155510123,0.18899298776505832
257,0.88137596471096746,0.1564346914888147
258,0.83566041896466781,0.17467502068655202
259,0.89922822490994958,0.1397259796677566
260,0.94130099228224917,0.1330810055570531
261,0.91577508268493013,0.14520340229541909
262,0.78636383682469679,0.19442997260745862
263,0.61347739801858991,0.23750663977596487
264,0.60352811465584066,0.25776769498881064
265,0.70430871003623041,0.23374973751513684
266,0.71852701212473979,0.24585862894199867
267,0.72610363836482972,0.24385288427356536
268,0.70254465270436717,0.25405977849057715
269,0.64080264608258053,0.23598562460338499
270,0.91871223813985381,0.21863608188566144
271,0.94504961411298438,0.2197289101498493
272,0.82090407937679688,0.23146640175778949
273,0.65996912899879534,0.24743277236503214
274,0.59548401323411015,0.24677512791132772
275,0.53744652700687057,0.23502264499569428
276,0.54580815876883992,0.24220737601300782
277,0.55305843440279812,0.24109879863402131
278,0.64567144431668311,0.22494239617822448
279,0.6520485115803063,0.22845857399234254
280,0.73581477397331985,0.23142795856214871
281,0.71762734289074681,0.22204457905428132
282,0.6360837927174805,0.24965329189971602
283,0.58026901874626358,0.25265171257356778
284,0.54609040793300068,0.24688676151459987
285,0.61410363837140136,0.24253360185478717
286,0.59018302095186093,0.2596657262295885
287,0.6436339581067928,0.27566248237571339
288,0.56796471885704281,0.24260104597457033
289,0.58899228224286437,0.25086857569542259
290,0.63518412348716757,0.24705196024159168
291,0.64167585446053854,0.23476966398886776
292,0.62436163175618631,0.25075674621145577
293,0.55884454245078397,0.24192940183219427
294,0.60961411245392338,0.23161133567559919
295,0.63534288863914934,0.2642343747530696
296,0.53668798236258108,0.27771267620769924
297,0.53106945975402486,0.24784534937115821
298,0.55539581036751695,0.2265871241173246
299,0.5815126791652272,0.23667461330478737
300,0.66421168688297794,0.22311359672435552
301,0.64367805953010049,0.23411815246410131
302,0.68381036383892757,0.24377985792423679
303,0.88877618522707136,0.16396782049156988
304,0.87975303196565324,0.118705444717215
305,0.81869900771301929,0.13472149460792107
306,0.71956780594738479,0.12448925770838286
307,0.75461962514097136,0.10944210357080926
308,0.69519735391715654,0.21761187220081613
309,0.59651598676431272,0.22405266833179394
310,0.56157883130676034,0.2089336614881713
311,0.57360970231795394,0.17245121601082142
312,0.74594928334645161,0.13468571109180325
313,0.67027122380793946,0.15901164377342639
314,0.8014906284459502,0.10411474697223259
315,0.91239691289230906,0.10460904890812971
316,0.76328996692602791,0.22346028568605095
317,0.75861521499501305,0.21217153985173284
318,0.86255347297998619,0.19901929244285402
319,0.86632855567963674,0.16344967738221797
320,0.79286438809261306,0.22482145853109542
321,0.7644013230440504,0.19381674158669107
322,0.92264608599884634,0.21244732234063285
323,0.89356560087414272,0.21871811631044974
324,0.83656008820496952,0.16453731386570514
325,0.88714443219562344,0.17520144230975074
326,0.85742006615267563,0.13535105375815829
327,0.91320837927495502,0.19268576386877537
328,0.87469900771827658,0.14151150533902154
329,0.91183241454558706,0.18674441005390902
330,0.90293274530686252,0.20682913811368853
331,0.83171775082006738,0.19637019168329758
332,0.91225578831417165,0.11532391501536188
333,0.83117089304666403,0.20638894289752208
334,0.73667034178085078,0.19128395919755406
335,0.77113120175774852,0.22667263522900793
336,0.76598897463536708,0.22086213023485071
337,0.82520837926444035,0.11834694624860805
338,0.89988092612221326,0.10401603231912267
339,0.90728114662990544,0.10023756760240572
340,0.85534729879036497,0.11559727310023066
341,0.69650275633958103,0.10272010642754391
342,0.93078721058486968,0.11304781271608355
343,0.9329834619630395,0.10825330629619274
344,0.93324807055440728,0.11996607498234896
345,0.93228665931800503,0.11971492694475346
346,0.92222271223867347,0.15189947701415946
347,0.90222712237464286,0.20102967960972959
348,0.74977728776290375,0.10548512423334257
349,0.63777728775712073,0.10670625202646047
350,0.66674310914631585,0.10926072140358585
351,0.64429547960624145,0.11317342206911013
352,0.79242337375333838,0.12242748011575186
353,0.72952590958522723,0.12036768096709077
354,0.73725248069826266,0.19971273736792072
355,0.91214994486532242,0.21910792978915367
356,0.84025578830786285,0.20911320471475345
357,0.70720176405733182,0.12563768243427104
358,0.59608379271590328,0.1387428140326587
359,0.85107828003936992,0.11678221933414611
360,0.65153693494618004,0.10046623885602811
361,0.58482910694071844,0.10336706128915774
362,0.58488202866120009,0.13841047566852266
363,0.6236119073796299,0.10741642574250468
364,0.91817420065416133,0.11630576598202212
365,0.74779272325956314,0.10382323121680757
366,0.54989195148947478,0.1068101515006469
367,0.55180595369664942,0.096532158648879124
368,0.58376185225388966,0.11884863965907171
369,0.59106504961016948,0.10738826119134001
370,0.6235325248102106,0.12941847602335291
371,0.62705181918622643,0.18432782571101017
372,0.61762293274899438,0.21525289677482512
373,0.56293715546070677,0.1935001085269811
374,0.57950165379849128,0.11916356012565438
375,0.57561190738173273,0.15501612890363786
376,0.58302976847010379,0.11243518681479095
377,0.59737155457263214,0.12983663924617841
378,0.62235060639076489,0.13270796327599424
379,0.57963395810731844,0.13142909093916955
380,0.61502976847062962,0.18552072147788046
381,0.65189856669868629,0.16163873526421113
382,0.63869459756863811,0.12937873639820849
383,0.68403087099936466,0.13248272197792571
384,0.62848070561662395,0.15015223987280804
385,0.50743991179397907,0.23813823906905218
386,0.53715545754711314,0.19094007181309577
387,0.57852260198666738,0.20398756431093873
388,0.64441014332597812,0.1920322647619091
389,0.70833958103901229,0.20299197028886501
390,0.70503197353519709,0.20741381434830525
391,0.6210628445377161,0.14934053321709126
392,0.70114222711764995,0.21442302177869227
393,0.60611245865017471,0.2208874435590692
394,0.68863506063211055,0.21038681010106966
395,0.72473649393710438,0.11697232780849988
396,0.60444542447340399,0.15366410645019235
397,0.65748180816139379,0.17017136564525204
398,0.6165468577686718,0.11591594258918043
399,0.64438368247336042,0.11530304423670613
400,0.65272767364991935,0.11347123070354234
401,0.60741786108153661,0.20159673703020353
402,0.6184785005465363,0.22454270490020095
403,0.57569128996298091,0.21513497159361444
404,0.63121499447996066,0.21555918946867048
405,0.88904961411351013,0.18051166746795358
406,0.8999073869916544,0.19022194322112376
407,0.93654685777445479,0.12066249381166769
408,0.87933847850265423,0.086346722971157155
409,0.74465270120700644,0.15400168820435248
410,0.7820330760760239,0.1418468098526301
411,0.8881852260219486,0.10225743103478527
412,0.92798235942773277,0.098113884034236973
413,0.88731201764057333,0.1035301828464029
414,0.88274310914316145,0.085995666616407354
415,0.87298787210636919,0.078204891107463023
416,0.86511135611223933,0.08168382370038664
417,0.86499669238566823,0.12248599788189024
418,0.85898125689137472,0.15443539364525766
419,0.86346196250642149,0.090014200963926025
420,0.86249173098335985,0.090287462934685939
421,0.86689305402530725,0.11284256055744317
422,0.87431091509738068,0.08609469884192282
423,0.89336273428991586,0.090162710315555075
424,0.92240793825010747,0.12988722821254856
425,0.90814553472251847,0.14517609971213588
426,0.86392061741323167,0.07368708096204743
427,0.87941786108101083,0.089459357803829159
428,0.96846747519346954,0.068469391683685418
429,0.95277618521918539,0.074262631206024679
430,0.88566262402739515,0.087494662254740702
431,0.98591400220507164,0.09252892409457672
432,0.66955678059852375,0.10491462872167916
433,0.74421168687509198,0.12071006690586744
434,0.60514222711659849,0.099505094794205329
435,0.68740904078646559,0.094792043364422998
436,0.75504299889115545,0.096149737542337008
