epoch,acc,loss
0,0.58795512560584151,0.65657092251810201
1,0.43131704041219127,0.72577460217725653
2,0.43350445207459692,0.71627931361685793
3,0.43392782217530929,0.71299457031400482
4,0.43527731408356923,0.70956044277038566
5,0.43616815530104897,0.70788388337396557
6,0.44438858992282659,0.70218230017378891
7,0.48615227858442628,0.70708568966682239
8,0.49768029175453771,0.6980034949214482
9,0.4813188042238275,0.70120266515675367
10,0.46546006869462159,0.69617309177810849
11,0.44934554737612747,0.69720260440104265
12,0.45258256373493272,0.69194068624447647
13,0.45729255531248175,0.69288409565143361
14,0.45903013657853153,0.68850564327144659
15,0.45965637131813614,0.69180096687168402
16,0.46005328091186337,0.6903687047862731
17,0.45686036519229944,0.69568861760378631
18,0.45863322700294179,0.69030197141179928
19,0.45806873384261182,0.68999401660414417
20,0.4537821121751997,0.6903519527501305
21,0.44702583237299065,0.69085231530880864
22,0.44576454244282243,0.69106404735861637
23,0.44706111318005171,0.68841051191431979
24,0.44734335992766022,0.69083481511512213
25,0.45021874794009425,0.69081371933492186
26,0.44680532707677401,0.69015530672292169
27,0.44601150826600178,0.69236423082709675
28,0.4390523634391495,0.71907275559286143
29,0.45166526246679756,0.68586173225926506
30,0.4532705403900133,0.68873747950246933
31,0.4451383076357936,0.69913484635008094
32,0.44797841502122754,0.68726380618553373
33,0.44609971035725582,0.69393997646994565
34,0.44906330056122606,0.68608784555051716
35,0.44699937178136379,0.70325224106340256
36,0.44724633764213245,0.68912652595286783
37,0.44211297607571914,0.70968494633814039
38,0.45042161283882626,0.69526325203837369
39,0.53447820262832557,0.69298699759922988
40,0.55106019523931071,0.68934457314254771
41,0.57433672562281513,0.69093861144903557
42,0.76239239128601966,0.68764712428357477
43,0.84205651470632703,0.68687991796817505
44,0.84071584335193694,0.68689315593885591
45,0.83500916819789217,0.69232527956906109
46,0.82009419587404253,0.68575747129669196
47,0.81356724118827017,0.68420789701184892
48,0.79409222121079981,0.68758311217312451
49,0.7424057997126241,0.68657566931304792
50,0.69075465937348246,0.6863262884113166
51,0.65726432750738095,0.68784308859968391
52,0.64279036519884947,0.68488423553118249
53,0.63924464146519089,0.6840309999371188
54,0.64438682300336458,0.68232038974507769
55,0.62595258714148061,0.68836055154681708
56,0.64428098025662606,0.68572820807619195
57,0.64428980065159547,0.6841089803801832
58,0.64197008578409576,0.68452728871736401
59,0.64728867163068893,0.68760413067432868
60,0.6486734444410347,0.68271856419576193
61,0.64958192598055753,0.69517282313810469
62,0.66784857759331573,0.68328156399025564
63,0.65901072852570075,0.68409088633828241
64,0.64945844263445573,0.68445831278473257
65,0.65131950691908036,0.68110027123914074
66,0.6454452478891749,0.68936501869844102
67,0.64869108468987047,0.68589106021025448
68,0.65175169702283375,0.68242314004661486
69,0.65374506407869748,0.68678885449805305
70,0.65420371528284849,0.68310607269946166
71,0.63995025809165573,0.66384546022301361
72,0.60479290636780481,0.68530200415336018
73,0.49175311125222948,0.67558265523204042
74,0.45446126843425949,0.68597935180342007
75,0.45334110201596417,0.68203680502182418
76,0.45357924749175227,0.68464982832548549
77,0.45530800846679492,0.6828788636562495
78,0.4530853157996555,0.68292291714210829
79,0.45290891164317076,0.6823825985562525
80,0.44909858127891378,0.70167123295268674
81,0.45143593678980615,0.69232206836224863
82,0.45415256111000724,0.68299200177825758
83,0.45204453106844472,0.68355966002878932
84,0.45289127111280897,0.68201081987403578
85,0.45267076600624778,0.68073409337550983
86,0.45328818060231119,0.68628111718048324
87,0.46048547104676602,0.69659860941874308
88,0.45170054295053746,0.68488517195370557
89,0.45176228464547163,0.6836226936650307
90,0.45085380297583177,0.68638773827103727
91,0.45250318201985329,0.68108057476918937
92,0.45225621618707951,0.69469326110396368
93,0.44334780518662142,0.7057891418490001
94,0.44435330898604286,0.69709744005909324
95,0.44881633469388582,0.68786387628619849
96,0.44796959460851499,0.69009838647605515
97,0.44569398075247024,0.68964170862712937
98,0.44841060510815778,0.6896429830172458
99,0.44890453680459175,0.68443163570904963
100,0.5639465192031623,0.68703280294265068
101,0.51148391796437376,0.69022514944955582
102,0.64215530954538458,0.68515232219901046
103,0.67856513084741243,0.69327716586642585
104,0.68521556796820426,0.68532806277506342
105,0.66493790897859073,0.68843717249248859
106,0.67328182561401906,0.68637389998234055
107,0.6585079763032603,0.68376825314058143
108,0.64836473635710923,0.68754057939339519
109,0.6742344084738604,0.68829188229706006
110,0.67927956792812205,0.68435306745301439
111,0.6040961088338247,0.6945749366049222
112,0.68286057247501897,0.68309704625241574
113,0.67704805475324514,0.68402091572102075
114,0.68982853743279493,0.68539617777275186
115,0.68749118212128391,0.68304661222118623
116,0.69071937834561681,0.68218522280822946
117,0.68757056394347993,0.68479047418362948
118,0.691707241822338,0.68295973757658124
119,0.68742944061863387,0.68498960766984396
120,0.67003598938544418,0.69128533143801374
121,0.66417055051025153,0.68307406034335405
122,0.6699918884331334,0.68445099509418406
123,0.67984406165794409,0.68299474031809071
124,0.6714031216877715,0.68411438325244744
125,0.66422347194427633,0.68255283501263087
126,0.65924005420702936,0.6842152185496464
127,0.65995449093537162,0.68384987900109406
128,0.663438473644133,0.68662690329977583
129,0.65858735877170427,0.68969638421068891
130,0.66513195357382959,0.6841789009906597
131,0.65825219094164977,0.68521313467241074
132,0.65295124537267601,0.68426737022687656
133,0.65153119201878895,0.68463732833564028
134,0.64937906095157705,0.69001465522973882
135,0.65399203033796605,0.6851687090336116
136,0.65551792604732029,0.68622651923471156
137,0.65729078813265418,0.68430164367793012
138,0.65602949831262547,0.69996278021957348
139,0.66774273551122565,0.69695139554802177
140,0.66075712998904712,0.68820428164120762
141,0.65520039845650713,0.69665236381420537
142,0.6530394475572463,0.68905999597619072
143,0.65115192292624569,0.68720573705812527
144,0.64959074578342857,0.68352881411857214
145,0.65596775686346787,0.68449126992021181
146,0.66547594172748625,0.68458721335308448
147,0.65895780744824917,0.69326462850158943
148,0.66136572470140909,0.68203155003334226
149,0.65726432760266862,0.68575815026435516
